SF:lib/src/components/action_sheet/t_action_sheet.dart
DA:19,0
DA:34,0
DA:48,0
DA:84,0
DA:104,0
DA:141,0
DA:156,0
DA:174,0
DA:195,0
DA:197,0
DA:198,0
DA:199,0
DA:200,0
DA:201,0
DA:202,0
DA:205,0
DA:215,0
DA:232,0
DA:246,0
DA:248,0
DA:254,0
DA:255,0
LF:22
LH:0
end_of_record
SF:lib/src/util/context_extension.dart
DA:7,0
LF:1
LH:0
end_of_record
SF:lib/src/components/popup/t_popup_inset.dart
DA:5,0
DA:10,0
DA:24,0
DA:38,0
DA:52,0
LF:5
LH:0
end_of_record
SF:lib/src/components/popup/_popup_header.dart
DA:5,0
DA:19,0
DA:20,0
DA:23,0
DA:25,0
DA:29,0
DA:30,0
DA:33,0
DA:35,0
DA:36,0
DA:37,0
DA:44,0
DA:55,0
DA:57,0
DA:58,0
DA:59,0
DA:61,0
DA:63,0
DA:64,0
DA:66,0
DA:67,0
DA:68,0
DA:70,0
DA:74,0
DA:75,0
DA:78,0
DA:81,0
DA:82,0
DA:83,0
DA:85,0
DA:89,0
DA:94,0
DA:98,0
DA:101,0
DA:103,0
DA:109,0
DA:113,0
DA:116,0
DA:118,0
DA:124,0
DA:126,0
DA:127,0
DA:128,0
DA:129,0
DA:138,0
DA:139,0
DA:140,0
DA:141,0
DA:142,0
DA:143,0
DA:144,0
DA:145,0
DA:151,0
DA:153,0
DA:157,0
DA:158,0
DA:159,0
DA:160,0
DA:161,0
DA:162,0
DA:163,0
DA:164,0
DA:171,0
DA:173,0
DA:178,0
DA:179,0
DA:182,0
DA:183,0
LF:68
LH:0
end_of_record
SF:lib/src/components/popup/_popup_center_close.dart
DA:4,0
DA:10,0
DA:11,0
DA:12,0
DA:13,0
DA:14,0
DA:16,0
DA:19,0
DA:22,0
DA:27,0
DA:43,0
DA:45,0
DA:46,0
DA:47,0
DA:48,0
DA:49,0
DA:50,0
DA:54,0
DA:56,0
DA:58,0
DA:60,0
DA:63,0
DA:66,0
LF:23
LH:0
end_of_record
SF:lib/src/components/popup/_popup_route.dart
DA:5,0
DA:8,0
DA:9,0
DA:10,0
DA:11,0
DA:12,0
DA:25,0
DA:26,0
DA:29,0
DA:34,0
DA:35,0
DA:38,0
DA:39,0
DA:40,0
DA:41,0
DA:46,0
DA:48,0
DA:50,0
DA:51,0
DA:53,0
DA:56,0
DA:58,0
DA:60,0
DA:64,0
DA:67,0
DA:68,0
DA:70,0
DA:72,0
DA:75,0
DA:76,0
DA:77,0
DA:80,0
DA:81,0
DA:93,0
DA:94,0
DA:97,0
DA:98,0
DA:99,0
DA:102,0
DA:111,0
DA:118,0
DA:124,0
DA:125,0
DA:126,0
DA:127,0
DA:128,0
DA:131,0
DA:132,0
DA:133,0
DA:134,0
DA:138,0
DA:139,0
DA:145,0
DA:146,0
DA:151,0
DA:152,0
DA:153,0
DA:154,0
DA:156,0
DA:161,0
DA:163,0
DA:165,0
DA:166,0
DA:167,0
DA:172,0
DA:173,0
DA:175,0
DA:176,0
DA:177,0
DA:178,0
DA:184,0
DA:185,0
DA:186,0
DA:189,0
DA:190,0
DA:191,0
DA:192,0
DA:196,0
DA:197,0
DA:198,0
DA:199,0
DA:201,0
DA:202,0
DA:203,0
DA:207,0
DA:208,0
DA:211,0
DA:215,0
DA:216,0
DA:217,0
DA:218,0
DA:222,0
DA:224,0
DA:225,0
DA:226,0
DA:227,0
DA:231,0
DA:233,0
DA:234,0
DA:237,0
DA:239,0
DA:240,0
DA:241,0
DA:243,0
DA:244,0
DA:246,0
LF:106
LH:0
end_of_record
SF:lib/src/components/popup/t_popup_handle.dart
DA:16,0
DA:41,0
DA:42,0
DA:53,0
DA:54,0
DA:57,0
DA:60,0
DA:68,0
DA:70,0
DA:72,0
DA:73,0
DA:74,0
DA:76,0
DA:77,0
DA:81,0
DA:83,0
DA:86,0
DA:93,0
DA:94,0
DA:95,0
DA:96,0
DA:97,0
DA:103,0
DA:105,0
DA:107,0
DA:108,0
DA:111,0
DA:121,0
DA:122,0
DA:123,0
DA:124,0
DA:127,0
DA:134,0
DA:135,0
DA:139,0
DA:140,0
DA:143,0
DA:146,0
DA:147,0
DA:150,0
DA:153,0
DA:154,0
DA:157,0
DA:162,0
DA:163,0
DA:164,0
DA:165,0
DA:168,0
DA:171,0
DA:172,0
DA:175,0
DA:176,0
LF:52
LH:0
end_of_record
SF:lib/src/components/popup/_popup_layout.dart
DA:5,0
DA:19,0
DA:23,0
DA:24,0
DA:26,0
DA:27,0
DA:28,0
DA:29,0
DA:30,0
DA:31,0
DA:34,0
DA:35,0
DA:36,0
DA:38,0
DA:40,0
DA:41,0
DA:42,0
DA:43,0
DA:48,0
DA:49,0
DA:50,0
DA:51,0
DA:54,0
DA:55,0
DA:56,0
DA:58,0
DA:59,0
DA:60,0
DA:61,0
DA:62,0
DA:65,0
DA:66,0
DA:67,0
DA:69,0
DA:70,0
DA:71,0
DA:72,0
DA:73,0
DA:76,0
DA:77,0
DA:78,0
DA:84,0
DA:93,0
DA:94,0
DA:95,0
DA:96,0
DA:97,0
DA:98,0
DA:99,0
DA:100,0
DA:101,0
DA:103,0
DA:104,0
DA:105,0
DA:106,0
DA:107,0
DA:109,0
DA:115,0
DA:116,0
DA:117,0
DA:122,0
DA:123,0
DA:124,0
DA:126,0
DA:128,0
DA:130,0
DA:132,0
DA:137,0
DA:138,0
DA:139,0
DA:140,0
DA:141,0
DA:142,0
DA:143,0
DA:144,0
DA:145,0
DA:146,0
DA:147,0
LF:78
LH:0
end_of_record
SF:lib/src/components/popup/t_popup_options.dart
DA:6,0
DA:7,0
DA:45,0
DA:80,0
DA:107,0
DA:137,0
DA:161,0
DA:188,0
DA:211,0
DA:237,0
DA:260,0
DA:286,0
DA:309,0
DA:369,0
DA:443,0
DA:471,0
DA:472,0
DA:473,0
DA:475,0
DA:477,0
DA:478,0
DA:479,0
DA:481,0
DA:482,0
DA:484,0
DA:486,0
DA:488,0
DA:491,0
DA:494,0
DA:495,0
DA:496,0
DA:497,0
DA:498,0
DA:500,0
DA:503,0
DA:506,0
DA:509,0
DA:512,0
DA:514,0
DA:516,0
DA:519,0
DA:521,0
DA:524,0
DA:527,0
DA:529,0
DA:533,0
DA:534,0
DA:535,0
DA:537,0
DA:538,0
DA:539,0
DA:540,0
DA:541,0
DA:542,0
DA:543,0
DA:544,0
DA:545,0
DA:546,0
DA:547,0
DA:548,0
DA:549,0
DA:550,0
DA:551,0
DA:552,0
DA:553,0
DA:554,0
DA:555,0
DA:556,0
DA:557,0
DA:558,0
DA:559,0
DA:560,0
DA:561,0
DA:562,0
DA:563,0
DA:567,0
DA:569,0
DA:571,0
DA:573,0
DA:575,0
DA:576,0
DA:577,0
DA:578,0
DA:580,0
DA:581,0
DA:582,0
DA:584,0
DA:585,0
DA:586,0
DA:587,0
DA:589,0
DA:590,0
DA:591,0
DA:592,0
DA:594,0
DA:595,0
DA:598,0
DA:601,0
DA:602,0
DA:603,0
DA:606,0
DA:607,0
DA:608,0
DA:610,0
DA:613,0
DA:616,0
DA:617,0
DA:618,0
DA:619,0
DA:622,0
DA:626,0
DA:627,0
DA:630,0
DA:634,0
DA:635,0
DA:638,0
DA:642,0
DA:643,0
DA:646,0
DA:650,0
DA:651,0
DA:656,0
DA:657,0
DA:658,0
DA:659,0
DA:660,0
DA:661,0
DA:662,0
DA:664,0
DA:665,0
DA:666,0
DA:667,0
DA:669,0
DA:672,0
LF:134
LH:0
end_of_record
SF:lib/src/components/popup/_popup_shell.dart
DA:6,0
DA:15,0
DA:17,0
DA:18,0
DA:19,0
DA:20,0
DA:22,0
DA:23,0
DA:26,0
DA:29,0
DA:30,0
DA:31,0
DA:33,0
DA:36,0
DA:39,0
DA:40,0
DA:41,0
DA:43,0
DA:46,0
DA:47,0
DA:48,0
DA:53,0
DA:58,0
DA:59,0
DA:60,0
DA:62,0
DA:63,0
DA:66,0
DA:67,0
DA:68,0
DA:69,0
DA:71,0
DA:75,0
DA:78,0
DA:80,0
DA:82,0
DA:83,0
DA:92,0
DA:94,0
DA:95,0
DA:96,0
DA:97,0
DA:98,0
DA:99,0
DA:100,0
DA:101,0
DA:102,0
DA:103,0
LF:48
LH:0
end_of_record
SF:lib/src/components/popup/_popup_tracker.dart
DA:5,0
DA:7,0
DA:8,0
DA:11,0
DA:12,0
DA:13,0
DA:14,0
DA:18,0
DA:19,0
DA:20,0
DA:23,0
LF:11
LH:0
end_of_record
SF:lib/src/components/popup/t_popup.dart
DA:72,0
DA:79,0
DA:80,0
DA:81,0
DA:83,0
DA:84,0
DA:85,0
DA:86,0
DA:87,0
DA:90,0
DA:95,0
LF:11
LH:0
end_of_record
SF:lib/src/components/popup/t_popup_types.dart
DA:54,0
DA:57,0
DA:60,0
DA:63,0
LF:4
LH:0
end_of_record
SF:lib/src/components/action_sheet/t_action_sheet_grid.dart
DA:62,0
DA:80,0
DA:81,0
DA:87,0
DA:89,0
DA:90,0
DA:91,0
DA:93,0
DA:94,0
DA:97,0
DA:98,0
DA:100,0
DA:102,0
DA:103,0
DA:104,0
DA:105,0
DA:106,0
DA:107,0
DA:109,0
DA:110,0
DA:112,0
DA:113,0
DA:114,0
DA:116,0
DA:117,0
DA:118,0
DA:125,0
DA:126,0
DA:127,0
DA:128,0
DA:129,0
DA:130,0
DA:132,0
DA:133,0
DA:134,0
DA:135,0
DA:136,0
DA:137,0
DA:138,0
DA:139,0
DA:140,0
DA:141,0
DA:142,0
DA:144,0
DA:152,0
DA:153,0
DA:154,0
DA:159,0
DA:160,0
DA:161,0
DA:162,0
DA:164,0
DA:165,0
DA:166,0
DA:167,0
DA:171,0
DA:173,0
DA:174,0
DA:175,0
DA:176,0
DA:177,0
DA:183,0
DA:185,0
DA:186,0
DA:187,0
DA:188,0
DA:192,0
DA:193,0
DA:194,0
DA:195,0
DA:196,0
DA:197,0
DA:198,0
DA:199,0
DA:200,0
DA:202,0
DA:212,0
DA:218,0
DA:219,0
DA:220,0
DA:221,0
DA:222,0
DA:223,0
DA:224,0
DA:225,0
DA:226,0
DA:227,0
DA:231,0
DA:232,0
DA:236,0
DA:237,0
DA:238,0
DA:240,0
DA:241,0
DA:250,0
DA:251,0
DA:254,0
DA:255,0
DA:256,0
DA:259,0
DA:261,0
DA:262,0
DA:263,0
LF:103
LH:0
end_of_record
SF:lib/src/components/action_sheet/t_action_sheet_group.dart
DA:47,0
DA:60,0
DA:62,0
DA:63,0
DA:64,0
DA:65,0
DA:66,0
DA:67,0
DA:68,0
DA:70,0
DA:71,0
DA:72,0
DA:73,0
DA:74,0
DA:75,0
DA:78,0
DA:79,0
DA:80,0
DA:81,0
DA:82,0
DA:84,0
DA:85,0
DA:86,0
DA:87,0
DA:88,0
DA:90,0
DA:96,0
DA:97,0
DA:98,0
DA:99,0
DA:102,0
DA:103,0
DA:104,0
DA:105,0
DA:106,0
DA:107,0
DA:108,0
DA:114,0
DA:115,0
DA:116,0
DA:117,0
DA:118,0
DA:119,0
DA:120,0
DA:128,0
DA:130,0
DA:131,0
DA:133,0
DA:134,0
DA:137,0
DA:138,0
DA:140,0
DA:141,0
DA:142,0
DA:144,0
DA:146,0
DA:147,0
DA:148,0
DA:155,0
DA:156,0
LF:60
LH:0
end_of_record
SF:lib/src/components/action_sheet/t_action_sheet_item.dart
DA:7,0
LF:1
LH:0
end_of_record
SF:lib/src/components/action_sheet/t_action_sheet_list.dart
DA:43,0
DA:55,0
DA:57,0
DA:58,0
DA:59,0
DA:61,0
DA:62,0
DA:65,0
DA:66,0
DA:67,0
DA:69,0
DA:71,0
DA:72,0
DA:73,0
DA:74,0
DA:82,0
DA:83,0
DA:84,0
DA:85,0
DA:86,0
DA:88,0
DA:89,0
DA:90,0
DA:91,0
DA:92,0
DA:97,0
DA:98,0
DA:99,0
DA:100,0
DA:101,0
DA:102,0
DA:103,0
DA:104,0
DA:105,0
DA:106,0
DA:107,0
DA:109,0
DA:118,0
DA:119,0
DA:120,0
DA:121,0
DA:124,0
DA:126,0
DA:127,0
DA:128,0
DA:129,0
DA:131,0
DA:132,0
DA:133,0
DA:135,0
DA:136,0
DA:138,0
DA:139,0
DA:140,0
DA:141,0
DA:142,0
DA:147,0
DA:149,0
DA:150,0
DA:151,0
DA:152,0
DA:153,0
DA:154,0
DA:155,0
DA:156,0
DA:158,0
DA:159,0
DA:161,0
DA:162,0
DA:164,0
DA:165,0
DA:166,0
DA:167,0
DA:170,0
DA:172,0
DA:173,0
DA:174,0
DA:175,0
DA:176,0
DA:177,0
DA:178,0
DA:184,0
DA:185,0
DA:186,0
DA:190,0
DA:191,0
DA:192,0
DA:193,0
DA:194,0
DA:195,0
DA:196,0
DA:197,0
DA:200,0
DA:213,0
DA:214,0
DA:215,0
DA:216,0
DA:217,0
DA:219,0
DA:220,0
DA:221,0
DA:222,0
DA:224,0
DA:225,0
DA:226,0
DA:227,0
DA:228,0
DA:229,0
DA:233,0
DA:234,0
DA:235,0
DA:236,0
LF:112
LH:0
end_of_record
SF:lib/src/components/action_sheet/t_action_sheet_theme_data.dart
DA:28,1
DA:38,0
DA:42,0
DA:43,0
DA:44,0
DA:45,0
DA:46,0
DA:47,0
DA:48,0
DA:49,0
DA:53,0
DA:63,0
DA:64,0
DA:65,0
DA:66,0
DA:67,0
DA:68,0
DA:69,0
DA:70,0
DA:74,0
DA:76,0
DA:79,0
DA:80,0
DA:81,0
DA:82,0
DA:83,0
DA:84,0
DA:85,0
DA:86,0
DA:90,0
DA:94,0
LF:31
LH:1
end_of_record
SF:lib/src/theme/t_colors.dart
DA:18,0
DA:24,0
DA:33,0
DA:36,0
DA:39,0
DA:48,0
DA:51,0
DA:54,0
DA:57,0
DA:60,0
DA:63,0
DA:68,0
DA:83,0
DA:86,0
DA:98,0
DA:104,0
DA:110,0
DA:113,0
DA:118,0
DA:130,0
DA:148,0
DA:160,0
DA:198,0
DA:210,0
DA:218,0
DA:221,0
DA:224,0
DA:227,0
DA:230,0
DA:233,0
DA:239,0
DA:244,0
DA:247,0
DA:253,0
DA:256,0
DA:271,0
DA:283,0
DA:286,0
DA:290,0
DA:292,0
DA:296,0
DA:298,0
DA:300,0
DA:302,0
DA:303,0
DA:305,1
DA:306,2
DA:308,3
DA:310,0
DA:314,0
DA:316,0
DA:318,0
DA:322,0
DA:324,0
DA:326,0
DA:328,0
DA:330,0
LF:57
LH:3
end_of_record
SF:lib/src/theme/t_fonts.dart
DA:8,0
DA:11,0
DA:14,0
DA:17,0
DA:20,0
DA:23,0
DA:26,0
DA:29,0
DA:32,0
DA:35,0
DA:38,0
DA:41,0
DA:44,0
DA:47,0
DA:50,0
DA:53,0
DA:56,0
DA:59,0
DA:62,0
DA:65,0
DA:68,0
LF:21
LH:0
end_of_record
SF:lib/src/theme/t_radius.dart
DA:8,3
DA:9,0
DA:10,0
DA:11,0
DA:14,0
DA:17,0
LF:6
LH:1
end_of_record
SF:lib/src/theme/t_spacers.dart
DA:5,0
DA:7,0
DA:9,0
DA:11,3
DA:13,0
DA:15,0
DA:17,0
DA:19,0
DA:21,0
DA:23,0
DA:25,0
LF:11
LH:1
end_of_record
SF:lib/src/theme/t_theme.dart
DA:25,1
DA:26,2
DA:45,0
DA:46,0
DA:47,0
DA:48,0
DA:65,0
DA:70,0
DA:73,0
DA:74,0
DA:77,0
DA:80,0
DA:83,0
DA:86,0
DA:87,0
DA:98,0
DA:104,0
DA:105,0
DA:106,0
DA:108,0
DA:114,0
DA:115,0
DA:116,0
DA:118,0
DA:124,0
DA:129,0
DA:130,0
DA:131,0
DA:133,0
DA:134,0
DA:135,0
DA:137,0
DA:138,0
DA:140,0
DA:141,0
DA:144,0
DA:145,0
DA:146,0
DA:147,0
DA:148,0
DA:154,0
DA:155,0
DA:156,0
DA:157,0
DA:160,0
DA:161,0
DA:162,0
DA:166,0
DA:167,0
DA:170,0
DA:174,0
DA:177,0
DA:178,0
DA:180,0
DA:181,0
DA:183,0
DA:184,0
DA:186,0
DA:187,0
DA:194,0
DA:195,0
DA:197,0
DA:198,0
DA:199,0
DA:200,0
DA:201,0
DA:253,0
DA:254,0
DA:255,0
DA:256,0
DA:257,0
DA:258,0
DA:259,0
DA:260,0
DA:261,0
DA:262,0
DA:263,0
DA:264,0
DA:265,0
DA:266,0
DA:267,0
DA:268,0
DA:272,0
DA:276,0
DA:277,0
DA:278,0
DA:279,0
DA:283,0
DA:284,0
DA:285,0
DA:286,0
DA:287,0
DA:288,0
DA:289,0
DA:291,0
DA:293,0
DA:295,0
DA:296,0
DA:297,0
DA:299,0
DA:301,0
DA:303,0
DA:306,0
DA:308,0
DA:310,0
DA:311,0
DA:312,0
DA:317,0
DA:321,0
DA:322,0
DA:323,0
DA:324,0
DA:325,0
DA:326,0
DA:330,0
DA:339,0
DA:340,0
DA:341,0
DA:346,0
DA:347,0
DA:354,0
DA:355,0
DA:358,0
DA:362,0
DA:370,0
DA:376,0
DA:380,0
DA:381,0
DA:382,0
DA:383,0
DA:384,0
DA:389,0
DA:394,0
DA:395,0
DA:397,0
DA:398,0
DA:399,0
DA:400,0
DA:402,0
DA:403,0
DA:404,0
DA:405,0
DA:407,0
DA:408,0
DA:409,0
DA:410,0
DA:412,0
DA:413,0
DA:414,0
DA:415,0
DA:417,0
DA:418,0
DA:419,0
DA:420,0
DA:422,0
DA:423,0
DA:425,0
DA:426,0
DA:427,0
DA:435,0
DA:436,0
DA:438,0
DA:439,0
DA:440,0
DA:441,0
DA:443,0
DA:444,0
DA:445,0
DA:446,0
DA:448,0
DA:449,0
DA:450,0
DA:451,0
DA:453,0
DA:454,0
DA:455,0
DA:456,0
DA:458,0
DA:459,0
DA:460,0
DA:461,0
DA:463,0
DA:464,0
DA:466,0
DA:467,0
DA:468,0
DA:489,0
DA:492,0
DA:493,0
DA:496,0
DA:497,0
DA:505,0
DA:509,0
DA:555,1
DA:566,1
DA:570,1
DA:571,1
DA:579,0
DA:580,0
DA:588,0
DA:598,0
DA:610,0
DA:621,0
DA:623,0
DA:624,0
DA:625,0
DA:626,0
DA:627,0
DA:628,0
DA:629,0
DA:630,0
DA:635,0
DA:636,0
DA:638,0
DA:639,0
DA:642,0
DA:648,1
DA:652,1
DA:653,1
DA:655,1
DA:656,1
DA:657,1
DA:659,1
DA:660,1
DA:661,4
DA:675,1
DA:683,1
DA:684,0
DA:689,1
DA:690,1
DA:691,1
DA:692,1
DA:693,0
DA:694,1
DA:696,1
DA:697,1
DA:698,1
DA:700,3
DA:701,2
DA:709,0
DA:710,0
DA:714,0
DA:719,1
DA:726,1
DA:727,2
DA:728,1
DA:733,1
DA:734,2
DA:735,1
DA:737,2
DA:742,1
DA:743,2
DA:744,2
DA:748,1
DA:749,2
DA:750,3
DA:754,1
DA:755,2
DA:756,3
DA:760,1
DA:761,2
DA:762,3
DA:766,1
DA:767,2
DA:768,1
DA:769,2
DA:770,2
DA:771,2
DA:772,2
DA:773,2
DA:774,4
DA:775,3
DA:779,2
DA:783,1
DA:784,0
DA:785,0
DA:789,0
DA:790,0
DA:795,0
DA:796,0
DA:799,0
DA:800,0
DA:803,0
DA:806,0
DA:809,0
DA:810,0
DA:813,0
DA:814,0
DA:817,0
DA:819,0
DA:821,0
DA:826,0
DA:831,0
DA:834,0
DA:835,0
DA:836,0
DA:837,0
DA:838,0
DA:839,0
DA:840,0
DA:841,0
DA:842,0
DA:857,1
DA:860,2
DA:864,1
DA:867,2
DA:868,1
DA:872,3
DA:873,1
DA:879,1
DA:880,1
LF:311
LH:68
end_of_record
SF:lib/src/util/iterable_ext.dart
DA:8,0
DA:9,0
DA:10,0
DA:16,0
DA:18,0
DA:27,0
DA:29,0
DA:30,0
DA:37,0
DA:39,0
DA:40,0
DA:51,0
DA:57,0
DA:59,0
DA:62,0
DA:63,0
DA:64,0
DA:65,0
DA:66,0
DA:71,0
DA:74,0
DA:80,0
DA:81,0
DA:87,0
DA:88,0
DA:91,0
LF:26
LH:0
end_of_record
SF:lib/src/util/list_ext.dart
DA:14,0
DA:15,0
DA:29,0
DA:30,0
DA:32,0
DA:33,0
DA:34,0
DA:35,0
DA:37,0
DA:64,0
DA:65,0
DA:66,0
DA:67,0
DA:68,0
LF:14
LH:0
end_of_record
SF:lib/src/components/badge/t_badge.dart
DA:22,1
DA:31,0
DA:32,0
DA:55,0
DA:57,0
DA:59,0
DA:60,0
DA:61,0
DA:62,0
DA:63,0
DA:64,0
DA:65,0
DA:66,0
DA:67,0
DA:68,0
DA:70,0
DA:72,0
DA:73,0
DA:74,0
DA:75,0
DA:76,0
DA:78,0
DA:79,0
DA:80,0
DA:82,0
DA:83,0
DA:85,0
DA:86,0
DA:87,0
DA:89,0
DA:90,0
DA:91,0
DA:92,0
DA:93,0
DA:97,0
DA:100,0
DA:104,0
DA:105,0
DA:109,0
DA:110,0
DA:116,0
DA:120,0
DA:123,0
DA:124,0
DA:127,0
DA:130,0
DA:133,0
DA:136,0
DA:141,0
DA:146,0
DA:151,0
DA:153,0
DA:155,0
DA:163,0
DA:172,0
DA:173,0
DA:174,0
DA:175,0
DA:177,0
DA:181,0
DA:183,0
DA:185,0
LF:62
LH:1
end_of_record
SF:lib/src/components/text/t_text.dart
DA:38,0
DA:64,0
DA:67,0
DA:93,0
DA:167,0
DA:169,0
DA:171,0
DA:178,0
DA:179,0
DA:180,0
DA:181,0
DA:183,0
DA:185,0
DA:187,0
DA:194,0
DA:196,0
DA:198,0
DA:199,0
DA:200,0
DA:201,0
DA:202,0
DA:203,0
DA:204,0
DA:205,0
DA:206,0
DA:213,0
DA:214,0
DA:215,0
DA:218,0
DA:222,0
DA:223,0
DA:224,0
DA:225,0
DA:227,0
DA:229,0
DA:230,0
DA:231,0
DA:232,0
DA:233,0
DA:234,0
DA:235,0
DA:236,0
DA:238,0
DA:239,0
DA:241,0
DA:243,0
DA:245,0
DA:246,0
DA:248,0
DA:250,0
DA:251,0
DA:252,0
DA:253,0
DA:254,0
DA:255,0
DA:256,0
DA:257,0
DA:259,0
DA:260,0
DA:262,0
DA:264,0
DA:268,0
DA:269,0
DA:293,0
DA:341,0
DA:344,0
DA:353,0
DA:364,0
DA:389,0
DA:397,0
DA:399,0
DA:401,0
LF:72
LH:0
end_of_record
SF:lib/src/components/action_sheet/t_action_sheet_item_widget.dart
DA:16,0
DA:32,0
DA:34,0
DA:39,0
DA:40,0
DA:41,0
DA:43,0
DA:44,0
DA:46,0
DA:47,0
DA:48,0
DA:50,0
DA:52,0
DA:53,0
DA:54,0
DA:56,0
DA:57,0
DA:58,0
DA:59,0
DA:60,0
DA:62,0
DA:65,0
DA:66,0
DA:68,0
DA:69,0
DA:70,0
DA:72,0
DA:73,0
DA:74,0
DA:80,0
DA:82,0
DA:83,0
DA:84,0
DA:85,0
DA:86,0
DA:93,0
DA:96,0
DA:98,0
DA:102,0
DA:104,0
DA:106,0
DA:107,0
DA:108,0
DA:109,0
DA:110,0
DA:111,0
DA:118,0
DA:120,0
DA:122,0
DA:124,0
DA:133,0
DA:139,0
DA:140,0
DA:141,0
DA:142,0
DA:143,0
DA:144,0
DA:145,0
DA:147,0
DA:148,0
DA:149,0
DA:150,0
DA:151,0
DA:152,0
DA:158,0
DA:159,0
DA:160,0
DA:161,0
DA:162,0
LF:69
LH:0
end_of_record
SF:lib/src/components/avatar/t_avatar.dart
DA:15,0
DA:43,0
DA:45,0
DA:46,0
DA:47,0
DA:48,0
DA:49,0
DA:50,0
DA:51,0
DA:52,0
DA:53,0
DA:55,0
DA:56,0
DA:59,0
DA:60,0
DA:61,0
DA:62,0
DA:63,0
DA:65,0
DA:67,0
DA:68,0
DA:69,0
DA:70,0
DA:71,0
DA:72,0
DA:73,0
DA:81,0
DA:84,0
DA:87,0
DA:89,0
DA:91,0
DA:93,0
DA:98,0
DA:100,0
DA:102,0
DA:104,0
DA:114,0
DA:120,0
DA:134,0
DA:136,0
DA:139,0
DA:140,0
DA:141,0
DA:142,0
DA:143,0
DA:144,0
DA:145,0
DA:147,0
DA:148,0
DA:149,0
DA:150,0
DA:151,0
DA:153,0
DA:156,0
DA:157,0
DA:158,0
DA:159,0
DA:160,0
DA:161,0
DA:162,0
DA:164,0
DA:165,0
DA:166,0
DA:170,0
DA:171,0
DA:172,0
DA:173,0
DA:174,0
LF:68
LH:0
end_of_record
SF:lib/src/components/avatar/t_avatar_theme_data.dart
DA:11,1
DA:54,0
DA:67,0
DA:68,0
DA:69,0
DA:70,0
DA:71,0
DA:72,0
DA:73,0
DA:74,0
DA:75,0
DA:76,0
DA:77,0
DA:81,0
DA:86,0
DA:87,0
DA:88,0
DA:89,0
DA:90,0
DA:92,0
DA:93,0
DA:94,0
DA:95,0
DA:96,0
DA:97,0
LF:25
LH:1
end_of_record
SF:lib/src/components/backtop/t_backtop.dart
DA:19,0
DA:27,0
DA:47,0
DA:48,0
DA:61,0
DA:62,0
DA:65,0
DA:66,0
DA:68,0
DA:69,0
DA:71,0
DA:73,0
DA:76,0
DA:78,0
DA:79,0
DA:80,0
DA:81,0
DA:84,0
DA:85,0
DA:88,0
DA:89,0
DA:90,0
DA:91,0
DA:92,0
DA:93,0
DA:97,0
DA:98,0
DA:99,0
DA:100,0
DA:104,0
DA:105,0
DA:106,0
DA:109,0
DA:110,0
DA:111,0
DA:112,0
DA:117,0
DA:119,0
DA:120,0
DA:121,0
DA:123,0
DA:124,0
DA:125,0
DA:127,0
DA:130,0
DA:132,0
DA:133,0
DA:136,0
DA:137,0
DA:138,0
DA:139,0
DA:140,0
DA:143,0
DA:144,0
DA:145,0
DA:146,0
DA:149,0
DA:153,0
DA:154,0
DA:155,0
DA:158,0
DA:161,0
DA:164,0
DA:168,0
DA:170,0
DA:171,0
DA:172,0
DA:175,0
DA:177,0
DA:178,0
DA:179,0
DA:180,0
DA:181,0
DA:191,0
DA:193,0
DA:197,0
DA:198,0
DA:199,0
DA:201,0
DA:207,0
DA:208,0
DA:213,0
DA:216,0
DA:219,0
DA:220,0
DA:224,0
DA:225,0
DA:226,0
DA:227,0
DA:229,0
DA:230,0
DA:232,0
DA:233,0
DA:236,0
DA:238,0
DA:239,0
DA:240,0
DA:241,0
DA:244,0
DA:245,0
DA:246,0
DA:257,0
DA:258,0
DA:260,0
DA:263,0
DA:264,0
DA:265,0
DA:266,0
DA:267,0
DA:269,0
DA:271,0
DA:274,0
DA:275,0
DA:278,0
DA:281,0
DA:282,0
DA:283,0
DA:285,0
DA:288,0
DA:289,0
DA:290,0
DA:293,0
DA:295,0
DA:296,0
DA:300,0
DA:301,0
DA:304,0
DA:306,0
DA:307,0
LF:129
LH:0
end_of_record
SF:lib/src/components/backtop/t_backtop_theme_data.dart
DA:35,2
DA:43,0
DA:51,0
DA:52,0
DA:53,0
DA:54,0
DA:55,0
DA:57,0
DA:61,0
DA:63,0
DA:66,0
DA:67,0
DA:68,0
DA:69,0
DA:70,0
DA:72,0
LF:16
LH:1
end_of_record
SF:lib/src/components/badge/t_badge_theme_data.dart
DA:8,1
DA:19,0
DA:24,0
DA:25,0
DA:26,0
DA:30,0
DA:32,0
DA:35,0
DA:36,0
DA:37,0
LF:10
LH:1
end_of_record
SF:lib/src/components/button/t_button.dart
DA:50,0
DA:60,0
DA:86,0
DA:87,0
DA:91,0
DA:94,0
DA:96,0
DA:98,0
DA:99,0
DA:102,0
DA:104,0
DA:106,0
DA:107,0
DA:108,0
DA:110,0
DA:116,0
DA:117,0
DA:118,0
DA:119,0
DA:123,0
DA:126,0
DA:127,0
DA:132,0
DA:136,0
DA:137,0
DA:141,0
DA:142,0
DA:145,0
DA:160,0
DA:161,0
DA:162,0
DA:163,0
DA:164,0
DA:165,0
DA:166,0
DA:169,0
DA:170,0
DA:171,0
DA:172,0
DA:174,0
DA:175,0
DA:176,0
DA:177,0
DA:179,0
DA:180,0
DA:181,0
DA:183,0
DA:184,0
DA:185,0
DA:186,0
DA:187,0
DA:188,0
DA:189,0
DA:193,0
DA:194,0
DA:195,0
DA:196,0
DA:202,0
DA:203,0
DA:209,0
DA:216,0
DA:218,0
DA:219,0
DA:220,0
DA:228,0
DA:229,0
DA:230,0
DA:231,0
DA:232,0
DA:233,0
DA:238,0
DA:244,0
DA:246,0
DA:247,0
DA:250,0
DA:251,0
DA:257,0
DA:258,0
DA:266,0
DA:267,0
DA:269,0
DA:270,0
DA:273,0
DA:274,0
DA:275,0
DA:285,0
DA:287,0
DA:289,0
DA:291,0
DA:299,0
DA:300,0
DA:302,0
DA:304,0
DA:305,0
DA:306,0
DA:312,0
DA:315,0
DA:322,0
DA:325,0
DA:339,0
DA:343,0
DA:345,0
DA:346,0
DA:353,0
DA:355,0
DA:356,0
LF:106
LH:0
end_of_record
SF:lib/src/components/button/t_button_resolve.dart
DA:14,0
DA:28,0
DA:59,0
DA:60,0
DA:63,0
DA:66,0
DA:74,0
DA:81,0
DA:89,0
DA:90,0
DA:91,0
DA:92,0
DA:98,0
DA:99,0
DA:101,0
DA:105,0
DA:106,0
DA:110,0
DA:111,0
DA:112,0
DA:113,0
DA:115,0
DA:117,0
DA:121,0
DA:135,0
DA:142,0
DA:144,0
DA:149,0
DA:152,0
DA:153,0
DA:154,0
DA:155,0
DA:160,0
DA:169,0
DA:170,0
DA:171,0
DA:172,0
DA:173,0
DA:174,0
DA:175,0
DA:176,0
DA:181,0
DA:187,0
DA:188,0
DA:189,0
DA:190,0
DA:191,0
DA:192,0
DA:193,0
DA:194,0
DA:195,0
DA:196,0
DA:197,0
DA:198,0
DA:201,0
DA:202,0
DA:203,0
DA:204,0
DA:206,0
DA:207,0
DA:211,0
DA:212,0
DA:213,0
DA:225,0
DA:231,0
DA:232,0
DA:233,0
DA:234,0
DA:235,0
DA:236,0
DA:237,0
DA:238,0
DA:239,0
DA:240,0
DA:241,0
DA:242,0
DA:245,0
DA:246,0
DA:247,0
DA:248,0
DA:252,0
DA:253,0
DA:254,0
DA:258,0
DA:259,0
DA:260,0
DA:261,0
DA:264,0
DA:265,0
DA:275,0
DA:280,0
DA:281,0
DA:282,0
DA:283,0
DA:284,0
DA:285,0
DA:286,0
DA:287,0
DA:290,0
DA:291,0
DA:292,0
DA:293,0
DA:297,0
DA:298,0
DA:299,0
DA:311,0
DA:316,0
DA:317,0
DA:318,0
DA:319,0
DA:320,0
DA:321,0
DA:322,0
DA:323,0
DA:326,0
DA:328,0
DA:329,0
DA:330,0
DA:334,0
DA:336,0
DA:337,0
DA:347,0
DA:353,0
DA:354,0
DA:355,0
DA:358,0
DA:361,0
DA:362,0
DA:363,0
DA:366,0
DA:367,0
DA:371,0
DA:372,0
DA:377,0
DA:383,0
DA:384,0
DA:392,0
DA:395,0
DA:398,0
DA:401,0
DA:417,0
DA:419,0
DA:420,0
DA:421,0
DA:423,0
DA:424,0
DA:430,0
DA:432,0
DA:434,0
DA:436,0
DA:438,0
DA:444,0
DA:446,0
DA:447,0
DA:448,0
DA:449,0
DA:454,0
DA:463,0
DA:466,0
DA:467,0
DA:468,0
DA:469,0
DA:470,0
DA:471,0
DA:472,0
DA:473,0
DA:477,0
DA:480,0
DA:481,0
DA:482,0
DA:483,0
DA:484,0
DA:485,0
DA:486,0
DA:487,0
LF:175
LH:0
end_of_record
SF:lib/src/components/button/t_button_theme_data.dart
DA:45,1
DA:59,0
DA:73,0
DA:74,0
DA:75,0
DA:76,0
DA:77,0
DA:78,0
DA:79,0
DA:80,0
DA:81,0
DA:82,0
DA:83,0
DA:84,0
DA:88,0
DA:90,0
DA:93,0
DA:94,0
DA:95,0
DA:96,0
DA:97,0
DA:98,0
DA:99,0
DA:100,0
DA:101,0
DA:102,0
DA:103,0
DA:104,0
DA:109,0
LF:29
LH:1
end_of_record
SF:lib/src/components/calendar/t_calendar.dart
DA:30,0
DA:68,0
DA:70,0
DA:71,0
DA:133,0
DA:134,0
DA:140,0
DA:144,0
DA:145,0
DA:146,0
DA:147,0
DA:148,0
DA:149,0
DA:150,0
DA:151,0
DA:152,0
DA:153,0
DA:154,0
DA:155,0
DA:156,0
DA:157,0
DA:159,0
DA:163,0
DA:165,0
DA:166,0
DA:169,0
DA:171,0
DA:172,0
DA:180,0
DA:182,0
DA:183,0
DA:184,0
DA:185,0
DA:186,0
DA:187,0
DA:188,0
DA:189,0
DA:190,0
DA:192,0
DA:193,0
DA:194,0
DA:195,0
DA:196,0
DA:197,0
DA:198,0
DA:199,0
DA:200,0
DA:201,0
DA:202,0
DA:203,0
DA:204,0
DA:206,0
DA:210,0
DA:211,0
DA:212,0
DA:213,0
DA:214,0
DA:215,0
DA:216,0
DA:217,0
DA:218,0
DA:219,0
DA:220,0
DA:221,0
DA:222,0
DA:223,0
DA:224,0
DA:225,0
DA:226,0
DA:230,0
DA:232,0
DA:234,0
DA:235,0
DA:236,0
DA:238,0
DA:239,0
DA:240,0
DA:241,0
DA:242,0
DA:243,0
DA:244,0
DA:245,0
DA:246,0
DA:247,0
DA:249,0
DA:250,0
DA:255,0
DA:256,0
DA:258,0
DA:261,0
DA:266,0
DA:267,0
DA:268,0
DA:269,0
DA:270,0
DA:271,0
DA:272,0
DA:273,0
DA:274,0
DA:275,0
DA:277,0
DA:278,0
DA:279,0
DA:280,0
DA:281,0
DA:282,0
DA:283,0
DA:284,0
DA:285,0
DA:287,0
DA:288,0
DA:292,0
DA:293,0
DA:294,0
DA:295,0
DA:296,0
DA:297,0
DA:298,0
DA:305,0
DA:306,0
DA:309,0
DA:310,0
DA:312,0
DA:316,0
DA:317,0
DA:318,0
DA:319,0
DA:322,0
DA:324,0
DA:325,0
DA:326,0
DA:327,0
DA:329,0
DA:331,0
DA:332,0
DA:334,0
DA:335,0
DA:336,0
DA:342,0
DA:343,0
DA:344,0
DA:351,0
DA:352,0
DA:355,0
DA:356,0
DA:357,0
DA:358,0
DA:360,0
DA:361,0
DA:362,0
DA:363,0
DA:364,0
DA:366,0
DA:372,0
DA:374,0
DA:375,0
DA:376,0
DA:378,0
DA:379,0
DA:380,0
DA:381,0
LF:161
LH:0
end_of_record
SF:lib/src/components/calendar/t_calendar_body.dart
DA:11,0
DA:31,0
DA:69,0
DA:70,0
DA:95,0
DA:97,0
DA:98,0
DA:99,0
DA:100,0
DA:101,0
DA:104,0
DA:107,0
DA:109,0
DA:110,0
DA:111,0
DA:112,0
DA:113,0
DA:114,0
DA:115,0
DA:116,0
DA:117,0
DA:121,0
DA:122,0
DA:123,0
DA:124,0
DA:125,0
DA:129,0
DA:130,0
DA:132,0
DA:133,0
DA:135,0
DA:136,0
DA:140,0
DA:141,0
DA:145,0
DA:149,0
DA:152,0
DA:159,0
DA:162,0
DA:163,0
DA:170,0
DA:172,0
DA:173,0
DA:174,0
DA:177,0
DA:178,0
DA:179,0
DA:180,0
DA:181,0
DA:194,0
DA:195,0
DA:197,0
DA:198,0
DA:199,0
DA:201,0
DA:204,0
DA:207,0
DA:208,0
DA:212,0
DA:213,0
DA:214,0
DA:215,0
DA:218,0
DA:227,0
DA:228,0
DA:230,0
DA:233,0
DA:235,0
DA:239,0
DA:240,0
DA:241,0
DA:242,0
DA:244,0
DA:245,0
DA:248,0
DA:249,0
DA:252,0
DA:253,0
DA:254,0
DA:256,0
DA:257,0
DA:258,0
DA:259,0
DA:262,0
DA:263,0
DA:271,0
DA:272,0
DA:276,0
DA:277,0
DA:278,0
DA:279,0
DA:280,0
DA:281,0
DA:282,0
DA:283,0
DA:292,0
DA:293,0
DA:296,0
DA:297,0
DA:299,0
DA:300,0
DA:304,0
DA:306,0
DA:307,0
DA:308,0
DA:309,0
DA:310,0
DA:311,0
DA:312,0
DA:313,0
DA:314,0
DA:315,0
DA:316,0
DA:320,0
DA:324,0
DA:325,0
DA:326,0
DA:331,0
DA:332,0
DA:333,0
DA:338,0
DA:340,0
DA:341,0
DA:342,0
DA:343,0
DA:344,0
DA:346,0
DA:347,0
DA:348,0
DA:349,0
DA:350,0
DA:351,0
DA:352,0
DA:353,0
DA:354,0
DA:355,0
DA:356,0
DA:357,0
DA:358,0
DA:369,0
DA:370,0
DA:371,0
DA:378,0
DA:379,0
DA:381,0
DA:382,0
DA:385,0
DA:386,0
DA:389,0
DA:390,0
DA:394,0
DA:395,0
DA:396,0
DA:397,0
DA:399,0
DA:400,0
DA:402,0
DA:406,0
DA:407,0
DA:425,0
DA:426,0
DA:427,0
DA:431,0
DA:433,0
DA:436,0
DA:437,0
DA:438,0
DA:439,0
DA:444,0
DA:445,0
DA:446,0
DA:451,0
DA:452,0
DA:453,0
DA:454,0
DA:456,0
DA:463,0
DA:472,0
DA:473,0
DA:474,0
DA:477,0
DA:478,0
DA:479,0
DA:481,0
DA:484,0
DA:487,0
DA:488,0
DA:493,0
DA:494,0
DA:495,0
DA:496,0
DA:497,0
DA:498,0
DA:503,0
DA:505,0
DA:506,0
DA:507,0
DA:508,0
DA:509,0
DA:510,0
DA:512,0
DA:514,0
DA:515,0
DA:516,0
DA:519,0
DA:520,0
DA:521,0
DA:524,0
DA:525,0
DA:526,0
DA:527,0
DA:530,0
DA:531,0
DA:534,0
DA:535,0
DA:540,0
DA:542,0
DA:543,0
DA:546,0
DA:547,0
DA:548,0
DA:549,0
DA:554,0
DA:555,0
DA:556,0
DA:557,0
DA:558,0
DA:559,0
DA:560,0
DA:565,0
DA:567,0
DA:570,0
DA:571,0
DA:573,0
DA:574,0
DA:575,0
DA:576,0
DA:577,0
DA:578,0
DA:579,0
DA:580,0
DA:581,0
LF:242
LH:0
end_of_record
SF:lib/src/components/calendar/t_calendar_cell.dart
DA:13,0
DA:55,0
DA:70,0
DA:76,0
DA:77,0
DA:80,0
DA:81,0
DA:82,0
DA:87,0
DA:103,0
DA:122,0
DA:123,0
DA:130,0
DA:132,0
DA:133,0
DA:134,0
DA:137,0
DA:139,0
DA:140,0
DA:141,0
DA:142,0
DA:143,0
DA:147,0
DA:149,0
DA:150,0
DA:153,0
DA:154,0
DA:155,0
DA:158,0
DA:160,0
DA:165,0
DA:166,0
DA:167,0
DA:168,0
DA:169,0
DA:170,0
DA:171,0
DA:172,0
DA:173,0
DA:174,0
DA:176,0
DA:177,0
DA:179,0
DA:181,0
DA:182,0
DA:184,0
DA:185,0
DA:186,0
DA:188,0
DA:193,0
DA:194,0
DA:195,0
DA:196,0
DA:197,0
DA:198,0
DA:207,0
DA:208,0
DA:209,0
DA:212,0
DA:216,0
DA:221,0
DA:222,0
DA:223,0
DA:224,0
DA:225,0
DA:228,0
DA:229,0
DA:230,0
DA:232,0
DA:236,0
DA:242,0
DA:243,0
DA:244,0
DA:247,0
DA:252,0
DA:254,0
DA:256,0
DA:258,0
DA:260,0
DA:261,0
DA:266,0
DA:274,0
DA:279,0
DA:281,0
DA:282,0
DA:283,0
DA:289,0
DA:290,0
LF:88
LH:0
end_of_record
SF:lib/src/components/calendar/t_calendar_header.dart
DA:10,0
DA:18,0
DA:38,0
DA:39,0
DA:40,0
DA:41,0
DA:42,0
DA:43,0
DA:48,0
DA:50,0
DA:51,0
DA:52,0
DA:53,0
DA:54,0
DA:55,0
DA:56,0
DA:57,0
DA:58,0
DA:59,0
DA:60,0
DA:61,0
DA:62,0
DA:63,0
LF:23
LH:0
end_of_record
SF:lib/src/components/calendar/t_calendar_style.dart
DA:16,1
DA:72,0
DA:77,0
DA:81,0
DA:82,0
DA:83,0
DA:84,0
DA:85,0
DA:88,0
DA:89,0
DA:90,0
DA:92,0
DA:93,0
DA:94,0
DA:95,0
DA:97,0
DA:98,0
DA:99,0
DA:100,0
DA:101,0
DA:103,0
DA:104,0
DA:105,0
DA:106,0
DA:107,0
DA:109,0
DA:110,0
DA:111,0
DA:116,0
DA:117,0
DA:118,0
DA:119,0
DA:120,0
DA:121,0
DA:122,0
DA:125,0
DA:126,0
DA:127,0
DA:128,0
DA:130,0
DA:132,0
DA:133,0
DA:134,0
DA:135,0
DA:137,0
DA:143,0
DA:152,0
DA:153,0
DA:155,0
DA:157,0
DA:160,0
DA:161,0
DA:162,0
DA:163,0
DA:164,0
DA:165,0
DA:167,0
DA:168,0
DA:169,0
DA:170,0
DA:171,0
DA:176,0
DA:177,0
DA:182,0
DA:183,0
DA:184,0
DA:185,0
DA:186,0
DA:187,0
DA:189,0
DA:190,0
DA:193,0
DA:195,0
DA:196,0
DA:199,0
DA:200,0
DA:202,0
DA:203,0
DA:206,0
DA:207,0
DA:211,0
DA:215,0
DA:217,0
DA:218,0
DA:221,0
DA:222,0
DA:224,0
DA:225,0
DA:226,0
DA:230,0
DA:232,0
DA:233,0
DA:236,0
DA:237,0
DA:239,0
DA:240,0
DA:241,0
LF:97
LH:1
end_of_record
SF:lib/src/components/calendar/t_calendar_theme_data.dart
DA:52,1
DA:69,0
DA:86,0
DA:87,0
DA:88,0
DA:89,0
DA:90,0
DA:91,0
DA:92,0
DA:93,0
DA:94,0
DA:95,0
DA:96,0
DA:97,0
DA:98,0
DA:99,0
DA:100,0
DA:104,0
DA:106,0
DA:109,0
DA:110,0
DA:111,0
DA:112,0
DA:114,0
DA:115,0
DA:116,0
DA:118,0
DA:119,0
DA:120,0
DA:121,0
DA:122,0
DA:123,0
DA:124,0
DA:125,0
LF:34
LH:1
end_of_record
SF:lib/src/components/cascader/t_cascader.dart
DA:12,0
DA:41,0
DA:75,0
DA:76,0
DA:82,0
DA:84,0
DA:86,0
DA:87,0
DA:90,0
DA:92,0
DA:93,0
DA:94,0
DA:95,0
DA:96,0
DA:97,0
DA:102,0
DA:103,0
DA:106,0
DA:107,0
DA:110,0
DA:111,0
DA:112,0
DA:115,0
DA:117,0
DA:118,0
DA:119,0
DA:120,0
DA:121,0
DA:122,0
DA:125,0
DA:126,0
DA:127,0
DA:132,0
DA:133,0
DA:134,0
DA:135,0
DA:138,0
DA:139,0
DA:141,0
DA:144,0
DA:149,0
DA:151,0
DA:152,0
DA:153,0
DA:154,0
DA:155,0
DA:156,0
DA:157,0
DA:159,0
DA:160,0
DA:161,0
DA:162,0
DA:163,0
DA:164,0
DA:165,0
DA:166,0
DA:169,0
DA:171,0
DA:172,0
DA:173,0
DA:174,0
DA:175,0
DA:176,0
DA:177,0
DA:178,0
DA:189,0
DA:194,0
DA:195,0
DA:196,0
DA:197,0
DA:198,0
DA:199,0
DA:200,0
DA:201,0
DA:202,0
DA:205,0
DA:206,0
DA:207,0
DA:208,0
DA:209,0
DA:210,0
DA:211,0
DA:212,0
DA:216,0
DA:217,0
DA:218,0
DA:219,0
DA:225,0
DA:227,0
DA:228,0
DA:232,0
DA:237,0
DA:238,0
DA:239,0
DA:240,0
DA:241,0
DA:243,0
DA:244,0
DA:245,0
DA:246,0
DA:247,0
DA:249,0
DA:250,0
DA:253,0
DA:254,0
DA:256,0
DA:257,0
DA:258,0
DA:259,0
DA:261,0
DA:262,0
DA:264,0
LF:112
LH:0
end_of_record
SF:lib/src/components/cascader/t_cascader_theme_data.dart
DA:16,1
DA:66,0
DA:77,0
DA:78,0
DA:79,0
DA:80,0
DA:81,0
DA:82,0
DA:83,0
DA:84,0
DA:85,0
DA:89,0
DA:91,0
DA:94,0
DA:95,0
DA:96,0
DA:97,0
DA:98,0
DA:100,0
DA:102,0
DA:103,0
DA:104,0
DA:105,0
LF:23
LH:1
end_of_record
SF:lib/src/components/cell/t_cell.dart
DA:24,0
DA:76,0
DA:77,0
DA:83,0
DA:85,0
DA:86,0
DA:88,0
DA:89,0
DA:90,0
DA:92,0
DA:93,0
DA:94,0
DA:95,0
DA:96,0
DA:97,0
DA:98,0
DA:99,0
DA:100,0
DA:101,0
DA:104,0
DA:109,0
DA:111,0
DA:112,0
DA:113,0
DA:114,0
DA:116,0
DA:117,0
DA:118,0
DA:120,0
DA:121,0
DA:124,0
DA:125,0
DA:126,0
DA:128,0
DA:129,0
DA:130,0
DA:134,0
DA:135,0
DA:136,0
DA:138,0
DA:139,0
DA:141,0
DA:144,0
DA:147,0
DA:148,0
DA:150,0
DA:151,0
DA:155,0
DA:156,0
DA:157,0
DA:158,0
DA:159,0
DA:160,0
DA:161,0
DA:162,0
DA:163,0
DA:165,0
DA:168,0
DA:173,0
DA:174,0
DA:175,0
DA:176,0
DA:180,0
DA:181,0
DA:182,0
DA:183,0
DA:184,0
DA:185,0
DA:188,0
DA:192,0
DA:193,0
DA:194,0
DA:196,0
DA:197,0
DA:198,0
DA:201,0
DA:208,0
DA:211,0
DA:213,0
DA:214,0
DA:215,0
DA:216,0
DA:217,0
DA:222,0
DA:223,0
DA:224,0
LF:86
LH:0
end_of_record
SF:lib/src/components/cell/t_cell_theme_data.dart
DA:20,1
DA:103,0
DA:126,0
DA:127,0
DA:128,0
DA:129,0
DA:130,0
DA:131,0
DA:132,0
DA:133,0
DA:134,0
DA:135,0
DA:136,0
DA:137,0
DA:138,0
DA:139,0
DA:140,0
DA:141,0
DA:142,0
DA:143,0
DA:144,0
DA:145,0
DA:146,0
DA:150,0
DA:155,0
DA:156,0
DA:157,0
DA:158,0
DA:159,0
DA:161,0
DA:162,0
DA:163,0
DA:164,0
DA:165,0
DA:166,0
DA:167,0
DA:169,0
DA:170,0
DA:172,0
DA:173,0
DA:174,0
DA:175,0
DA:176,0
DA:177,0
DA:178,0
LF:45
LH:1
end_of_record
SF:lib/src/components/cell/t_cell_group.dart
DA:18,0
DA:42,0
DA:44,0
DA:46,0
DA:47,0
DA:48,0
DA:49,0
DA:52,0
DA:56,0
DA:57,0
DA:58,0
DA:59,0
DA:60,0
DA:61,0
DA:63,0
DA:64,0
DA:65,0
DA:66,0
DA:67,0
DA:70,0
DA:71,0
DA:74,0
DA:79,0
DA:80,0
DA:82,0
DA:83,0
DA:84,0
DA:85,0
DA:86,0
DA:90,0
DA:91,0
DA:92,0
DA:93,0
DA:94,0
DA:95,0
DA:98,0
DA:101,0
DA:106,0
DA:112,0
DA:113,0
DA:116,0
DA:118,0
DA:120,0
DA:124,0
LF:44
LH:0
end_of_record
SF:lib/src/components/checkbox/t_check_box.dart
DA:45,0
DA:115,0
DA:117,0
DA:119,0
DA:120,0
DA:121,0
DA:122,0
DA:123,0
DA:125,0
DA:126,0
DA:128,0
DA:129,0
DA:131,0
DA:134,0
DA:136,0
DA:138,0
DA:141,0
DA:142,0
DA:143,0
DA:144,0
DA:145,0
DA:148,0
DA:150,0
DA:151,0
DA:153,0
DA:154,0
DA:155,0
DA:156,0
DA:159,0
DA:161,0
DA:163,0
DA:168,0
DA:169,0
DA:171,0
DA:173,0
DA:175,0
DA:177,0
DA:178,0
DA:179,0
DA:184,0
DA:185,0
DA:186,0
DA:187,0
DA:189,0
DA:190,0
DA:192,0
DA:194,0
DA:197,0
DA:198,0
DA:199,0
DA:207,0
DA:208,0
DA:209,0
DA:210,0
DA:212,0
DA:213,0
DA:214,0
DA:215,0
DA:216,0
DA:218,0
DA:221,0
DA:222,0
DA:223,0
DA:224,0
DA:228,0
DA:229,0
DA:230,0
DA:231,0
DA:233,0
DA:238,0
DA:243,0
DA:247,0
DA:248,0
DA:250,0
DA:251,0
DA:252,0
DA:253,0
DA:254,0
DA:255,0
DA:257,0
DA:260,0
DA:264,0
DA:265,0
DA:268,0
DA:269,0
DA:270,0
DA:271,0
DA:272,0
DA:273,0
DA:274,0
DA:277,0
DA:278,0
DA:279,0
DA:280,0
DA:281,0
DA:283,0
DA:285,0
DA:288,0
DA:289,0
DA:290,0
DA:291,0
DA:292,0
DA:293,0
DA:295,0
DA:297,0
LF:105
LH:0
end_of_record
SF:lib/src/components/divider/t_divider.dart
DA:53,4
DA:76,0
DA:80,0
DA:81,0
DA:83,0
DA:86,0
DA:87,0
DA:88,0
DA:90,0
DA:91,0
DA:92,0
DA:94,0
DA:95,0
DA:96,0
DA:101,0
DA:103,0
DA:104,0
DA:106,0
DA:107,0
DA:108,0
DA:118,0
DA:119,0
DA:130,0
DA:137,0
DA:146,0
DA:148,0
DA:149,0
DA:153,0
DA:158,0
DA:159,0
DA:171,0
DA:172,0
DA:176,0
DA:186,0
DA:187,0
DA:189,0
DA:191,0
DA:197,0
DA:201,0
DA:202,0
DA:204,0
DA:208,0
DA:209,0
DA:212,0
DA:213,0
DA:215,0
DA:221,0
DA:222,0
DA:224,0
DA:225,0
DA:227,0
DA:228,0
DA:232,0
LF:53
LH:1
end_of_record
SF:lib/src/components/checkbox/t_checkbox_theme_data.dart
DA:37,1
DA:66,0
DA:78,0
DA:79,0
DA:80,0
DA:81,0
DA:82,0
DA:83,0
DA:84,0
DA:85,0
DA:86,0
DA:87,0
DA:100,0
DA:102,0
DA:105,0
DA:108,0
DA:111,0
DA:112,0
DA:113,0
DA:114,0
DA:115,0
DA:116,0
DA:117,0
DA:118,0
DA:119,0
LF:25
LH:1
end_of_record
SF:lib/src/components/checkbox/t_selection_card.dart
DA:9,0
DA:30,0
DA:32,0
DA:33,0
DA:34,0
DA:36,0
DA:37,0
DA:38,0
DA:40,0
DA:42,0
DA:44,0
DA:45,0
DA:46,0
DA:47,0
DA:48,0
DA:51,0
DA:60,0
DA:66,0
DA:67,0
DA:74,0
DA:76,0
DA:77,0
DA:78,0
DA:79,0
DA:82,0
DA:83,0
DA:84,0
DA:85,0
DA:86,0
DA:88,0
DA:89,0
DA:96,0
DA:97,0
DA:98,0
DA:99,0
DA:100,0
DA:101,0
DA:105,0
DA:107,0
DA:108,0
DA:109,0
DA:110,0
DA:113,0
DA:114,0
DA:115,0
DA:125,0
DA:129,0
DA:131,0
DA:134,0
DA:136,0
DA:137,0
DA:139,0
DA:141,0
DA:144,0
DA:147,0
DA:157,0
DA:161,0
DA:163,0
DA:164,0
DA:165,0
DA:166,0
DA:167,0
DA:168,0
DA:169,0
DA:170,0
DA:171,0
DA:172,0
DA:173,0
DA:176,0
DA:178,0
LF:70
LH:0
end_of_record
SF:lib/src/components/checkbox/t_check_box_group.dart
DA:10,0
DA:47,0
DA:85,0
DA:123,0
DA:125,0
DA:126,0
DA:127,0
DA:128,0
DA:129,0
DA:130,0
DA:132,0
DA:133,0
DA:137,0
DA:138,0
DA:140,0
DA:141,0
DA:145,0
DA:146,0
DA:147,0
DA:148,0
DA:150,0
DA:151,0
DA:152,0
DA:153,0
DA:160,0
DA:162,0
DA:163,0
DA:164,0
DA:165,0
DA:166,0
DA:169,0
DA:171,0
DA:176,0
DA:178,0
DA:179,0
DA:180,0
DA:181,0
DA:182,0
DA:183,0
DA:184,0
DA:188,0
DA:189,0
DA:191,0
DA:193,0
DA:194,0
DA:197,0
DA:199,0
DA:200,0
DA:201,0
LF:49
LH:0
end_of_record
SF:lib/src/components/collapse/t_collapse.dart
DA:20,0
DA:30,0
DA:57,0
DA:58,0
DA:63,0
DA:64,0
DA:66,0
DA:68,0
DA:69,0
DA:70,0
DA:74,0
DA:76,0
DA:78,0
DA:82,0
DA:84,0
DA:88,0
DA:90,0
DA:92,0
DA:96,0
DA:98,0
DA:102,0
DA:104,0
DA:105,0
DA:106,0
DA:108,0
DA:109,0
DA:111,0
DA:112,0
DA:113,0
DA:114,0
DA:115,0
DA:116,0
DA:117,0
DA:118,0
DA:119,0
DA:120,0
DA:121,0
DA:123,0
DA:124,0
DA:125,0
DA:126,0
DA:127,0
DA:128,0
DA:129,0
DA:130,0
DA:131,0
DA:141,0
DA:143,0
DA:146,0
DA:148,0
DA:149,0
DA:150,0
DA:151,0
DA:153,0
DA:159,0
DA:160,0
DA:161,0
DA:163,0
DA:164,0
DA:165,0
DA:166,0
DA:169,0
DA:170,0
DA:171,0
DA:172,0
DA:180,0
DA:181,0
DA:182,0
DA:187,0
DA:188,0
DA:189,0
DA:193,0
DA:194,0
DA:195,0
DA:202,0
DA:203,0
DA:205,0
DA:206,0
DA:209,0
DA:212,0
DA:213,0
DA:215,0
DA:219,0
DA:222,0
DA:231,0
DA:232,0
DA:234,0
DA:235,0
DA:236,0
DA:237,0
DA:238,0
DA:243,0
DA:247,0
DA:249,0
DA:250,0
DA:251,0
DA:252,0
DA:269,0
DA:276,0
DA:277,0
DA:278,0
DA:280,0
DA:281,0
DA:284,0
DA:285,0
DA:287,0
DA:289,0
DA:290,0
DA:291,0
DA:302,0
DA:304,0
DA:305,0
DA:306,0
DA:307,0
DA:308,0
DA:309,0
DA:311,0
DA:316,0
DA:318,0
DA:319,0
DA:320,0
DA:321,0
DA:322,0
DA:325,0
DA:326,0
DA:327,0
DA:328,0
DA:329,0
DA:331,0
DA:334,0
DA:336,0
DA:337,0
DA:338,0
DA:339,0
DA:341,0
DA:343,0
DA:348,0
DA:349,0
DA:350,0
DA:351,0
DA:352,0
DA:353,0
DA:354,0
DA:356,0
DA:357,0
DA:358,0
DA:361,0
DA:363,0
DA:364,0
DA:365,0
DA:368,0
DA:369,0
DA:370,0
DA:371,0
DA:372,0
DA:373,0
DA:374,0
DA:377,0
DA:378,0
DA:379,0
DA:382,0
DA:383,0
DA:384,0
DA:385,0
DA:388,0
DA:389,0
DA:390,0
DA:394,0
DA:396,0
DA:397,0
LF:170
LH:0
end_of_record
SF:lib/src/components/collapse/t_collapse_panel.dart
DA:13,0
LF:1
LH:0
end_of_record
SF:lib/src/components/collapse/t_collapse_theme_data.dart
DA:46,1
DA:62,0
DA:78,0
DA:79,0
DA:80,0
DA:81,0
DA:82,0
DA:83,0
DA:84,0
DA:86,0
DA:87,0
DA:88,0
DA:89,0
DA:90,0
DA:91,0
DA:92,0
DA:96,0
DA:98,0
DA:101,0
DA:102,0
DA:103,0
DA:104,0
DA:105,0
DA:107,0
DA:109,0
DA:110,0
DA:111,0
DA:112,0
DA:114,0
DA:115,0
DA:117,0
DA:118,0
DA:120,0
LF:33
LH:1
end_of_record
SF:lib/src/components/collapse/t_inset_divider.dart
DA:11,0
DA:15,0
DA:20,0
DA:22,0
DA:24,0
DA:25,0
DA:26,0
DA:27,0
DA:28,0
LF:9
LH:0
end_of_record
SF:lib/src/components/collapse/t_nonanimated_expand_icon.dart
DA:4,0
DA:9,0
DA:15,0
DA:17,0
DA:18,0
DA:19,0
DA:20,0
DA:22,0
LF:8
LH:0
end_of_record
SF:lib/src/components/date_time_picker/t_date_time_picker.dart
DA:21,0
DA:31,0
DA:80,0
DA:81,0
DA:90,0
DA:92,0
DA:93,0
DA:94,0
DA:95,0
DA:98,0
DA:99,0
DA:100,0
DA:101,0
DA:102,0
DA:103,0
DA:104,0
DA:108,0
DA:109,0
DA:111,0
DA:112,0
DA:114,0
DA:116,0
DA:118,0
DA:121,0
DA:123,0
DA:125,0
DA:126,0
DA:128,0
DA:129,0
DA:130,0
DA:131,0
DA:143,0
DA:155,0
DA:156,0
DA:157,0
DA:158,0
DA:159,0
DA:160,0
DA:162,0
DA:164,0
DA:165,0
DA:166,0
DA:167,0
DA:168,0
DA:170,0
DA:174,0
DA:179,0
DA:180,0
DA:183,0
DA:184,0
DA:187,0
DA:191,0
DA:194,0
DA:195,0
DA:202,0
DA:204,0
DA:205,0
DA:206,0
DA:207,0
DA:208,0
DA:209,0
DA:210,0
DA:211,0
DA:212,0
DA:213,0
DA:214,0
DA:215,0
DA:216,0
DA:217,0
DA:219,0
DA:222,0
DA:226,0
DA:227,0
DA:228,0
DA:229,0
DA:230,0
DA:231,0
DA:233,0
DA:234,0
DA:236,0
DA:239,0
LF:81
LH:0
end_of_record
SF:lib/src/components/picker/t_picker_theme_data.dart
DA:15,1
DA:23,0
DA:28,0
DA:29,0
DA:30,0
DA:34,0
DA:36,0
DA:39,0
DA:40,0
DA:41,0
LF:10
LH:1
end_of_record
SF:lib/src/components/date_time_picker/t_date_time_picker_enums.dart
DA:37,0
DA:64,0
DA:67,0
DA:68,0
DA:69,0
DA:70,0
DA:71,0
DA:72,0
DA:76,0
DA:81,0
DA:84,0
DA:85,0
DA:86,0
DA:87,0
DA:88,0
DA:89,0
DA:90,0
DA:92,0
DA:93,0
LF:19
LH:0
end_of_record
SF:lib/src/components/date_time_picker/t_date_time_picker_bounds.part.dart
DA:9,1
DA:14,0
DA:17,0
DA:18,0
DA:20,0
DA:21,0
DA:23,0
DA:24,0
DA:26,0
DA:27,0
DA:29,0
DA:30,0
DA:32,0
DA:33,0
DA:34,0
DA:35,0
DA:38,0
DA:46,0
DA:48,0
DA:49,0
DA:54,0
DA:55,0
DA:56,0
DA:57,0
DA:59,0
DA:60,0
DA:61,0
DA:63,0
DA:64,0
DA:65,0
DA:66,0
DA:69,0
DA:70,0
DA:71,0
DA:73,0
DA:74,0
DA:75,0
DA:76,0
DA:77,0
DA:79,0
DA:80,0
DA:81,0
DA:82,0
DA:85,0
DA:86,0
DA:87,0
DA:88,0
DA:94,0
DA:101,0
DA:102,0
DA:103,0
DA:104,0
DA:106,0
DA:107,0
DA:108,0
DA:114,0
DA:115,0
DA:118,0
DA:119,0
DA:134,0
DA:135,0
DA:138,0
DA:139,0
DA:141,0
DA:144,0
DA:147,0
DA:148,0
DA:149,0
DA:152,0
DA:158,0
DA:166,0
DA:168,0
DA:170,0
DA:171,0
DA:172,0
DA:173,0
DA:174,0
DA:175,0
DA:177,0
DA:178,0
DA:186,0
DA:189,0
DA:191,0
DA:192,0
DA:193,0
DA:194,0
DA:195,0
DA:196,0
DA:197,0
DA:198,0
DA:199,0
DA:200,0
DA:201,0
DA:202,0
DA:204,0
DA:207,0
DA:208,0
DA:211,0
DA:212,0
LF:99
LH:1
end_of_record
SF:lib/src/components/date_time_picker/t_date_time_picker_snapshot.part.dart
DA:16,0
DA:20,0
DA:26,0
DA:33,0
DA:36,0
DA:37,0
DA:39,0
DA:42,0
DA:43,0
DA:44,0
DA:52,0
DA:53,0
DA:78,0
DA:82,0
DA:83,0
DA:84,0
DA:87,0
DA:88,0
DA:89,0
DA:90,0
DA:91,0
DA:93,0
DA:106,0
DA:112,0
DA:113,0
DA:115,0
DA:119,0
DA:121,0
DA:122,0
DA:124,0
DA:131,0
DA:137,0
DA:138,0
DA:143,0
DA:145,0
DA:146,0
DA:148,0
DA:160,0
DA:168,0
DA:169,0
DA:170,0
DA:171,0
DA:172,0
DA:176,0
DA:177,0
DA:178,0
DA:185,0
DA:189,0
DA:198,0
DA:199,0
DA:200,0
DA:201,0
DA:202,0
DA:205,0
DA:206,0
DA:207,0
DA:216,0
DA:218,0
DA:219,0
DA:220,0
DA:221,0
DA:223,0
DA:225,0
DA:227,0
DA:229,0
DA:231,0
DA:235,0
DA:248,0
DA:254,0
DA:259,0
DA:264,0
DA:270,0
DA:272,0
DA:275,0
DA:277,0
DA:278,0
DA:279,0
DA:281,0
DA:282,0
DA:283,0
DA:284,0
DA:287,0
DA:289,0
DA:292,0
DA:293,0
DA:295,0
DA:297,0
DA:300,0
DA:301,0
DA:303,0
DA:304,0
DA:310,0
DA:313,0
DA:314,0
DA:315,0
DA:316,0
DA:318,0
DA:319,0
DA:321,0
DA:322,0
DA:323,0
DA:324,0
DA:330,0
DA:331,0
DA:334,0
DA:340,0
DA:341,0
DA:344,0
DA:346,0
DA:347,0
DA:348,0
DA:349,0
DA:350,0
DA:351,0
DA:352,0
DA:353,0
DA:354,0
DA:357,0
DA:361,0
DA:366,0
DA:367,0
DA:368,0
DA:369,0
DA:370,0
DA:371,0
DA:372,0
DA:373,0
DA:374,0
DA:375,0
DA:376,0
DA:377,0
DA:378,0
DA:379,0
DA:380,0
DA:381,0
DA:382,0
DA:383,0
DA:384,0
DA:385,0
DA:388,0
DA:389,0
DA:392,0
DA:398,0
DA:410,0
DA:411,0
DA:419,0
DA:420,0
DA:422,0
DA:424,0
DA:435,0
DA:437,0
DA:438,0
DA:442,0
DA:446,0
DA:454,0
DA:463,0
DA:465,0
DA:467,0
DA:473,0
DA:475,0
DA:476,0
DA:479,0
DA:483,0
DA:489,0
DA:493,0
DA:496,0
DA:504,0
DA:507,0
DA:510,0
DA:511,0
DA:512,0
DA:513,0
DA:514,0
DA:524,0
DA:525,0
DA:527,0
DA:529,0
DA:531,0
DA:542,0
DA:543,0
DA:544,0
DA:545,0
DA:557,0
DA:566,0
DA:569,0
DA:572,0
DA:573,0
DA:575,0
DA:577,0
DA:579,0
DA:592,0
DA:593,0
DA:594,0
DA:595,0
DA:596,0
DA:597,0
DA:608,0
DA:616,0
DA:620,0
DA:623,0
DA:630,0
DA:634,0
DA:635,0
LF:203
LH:0
end_of_record
SF:lib/src/components/date_time_picker/t_date_time_picker_labels.part.dart
DA:14,0
DA:23,0
DA:29,0
DA:30,0
DA:35,0
DA:36,0
DA:37,0
DA:38,0
DA:39,0
DA:40,0
DA:41,0
DA:42,0
DA:43,0
DA:45,0
DA:49,0
DA:50,0
DA:52,0
DA:54,0
DA:55,0
DA:56,0
DA:57,0
DA:62,0
DA:63,0
DA:64,0
DA:65,0
DA:66,0
DA:67,0
DA:68,0
DA:69,0
DA:73,0
DA:76,0
DA:77,0
DA:78,0
DA:80,0
DA:81,0
DA:82,0
DA:83,0
DA:84,0
DA:87,0
DA:94,0
DA:98,0
DA:99,0
DA:101,0
DA:102,0
DA:103,0
DA:105,0
DA:106,0
DA:107,0
DA:109,0
DA:110,0
DA:111,0
DA:112,0
DA:116,0
DA:117,0
DA:118,0
DA:120,0
DA:121,0
DA:122,0
DA:124,0
DA:125,0
DA:126,0
DA:127,0
DA:131,0
DA:134,0
LF:64
LH:0
end_of_record
SF:lib/src/components/date_time_picker/t_date_time_picker_model.dart
DA:18,0
DA:26,0
DA:29,0
DA:32,0
DA:40,0
DA:43,0
DA:44,0
DA:45,0
DA:47,0
DA:48,0
DA:61,0
DA:93,0
DA:94,0
DA:95,0
DA:96,0
DA:97,0
DA:98,0
DA:99,0
DA:100,0
DA:103,0
DA:107,0
DA:108,0
DA:109,0
DA:110,0
DA:111,0
DA:112,0
DA:113,0
DA:117,0
DA:120,0
DA:121,0
DA:122,0
DA:123,0
DA:124,0
DA:125,0
DA:126,0
DA:128,0
DA:129,0
DA:131,0
DA:132,0
DA:133,0
DA:134,0
LF:41
LH:0
end_of_record
SF:lib/src/components/date_time_picker/t_date_time_picker_wheel.dart
DA:20,0
DA:48,0
DA:49,0
DA:60,0
DA:62,0
DA:64,0
DA:65,0
DA:66,0
DA:69,0
DA:71,0
DA:72,0
DA:73,0
DA:74,0
DA:76,0
DA:77,0
DA:78,0
DA:79,0
DA:80,0
DA:81,0
DA:84,0
DA:85,0
DA:86,0
DA:88,0
DA:89,0
DA:90,0
DA:93,0
DA:96,0
DA:98,0
DA:99,0
DA:100,0
DA:101,0
DA:102,0
DA:103,0
DA:104,0
DA:105,0
DA:106,0
DA:107,0
DA:110,0
DA:111,0
DA:113,0
DA:114,0
DA:115,0
DA:116,0
DA:117,0
DA:118,0
DA:124,0
DA:126,0
DA:127,0
DA:129,0
DA:132,0
DA:133,0
DA:134,0
DA:138,0
DA:141,0
DA:143,0
DA:144,0
DA:146,0
DA:147,0
DA:148,0
DA:150,0
DA:152,0
DA:153,0
DA:154,0
DA:156,0
DA:158,0
DA:160,0
DA:164,0
DA:166,0
DA:167,0
DA:169,0
DA:170,0
DA:176,0
DA:177,0
DA:180,0
DA:181,0
DA:184,0
DA:185,0
DA:186,0
DA:187,0
DA:190,0
DA:193,0
DA:194,0
DA:196,0
DA:197,0
DA:198,0
DA:199,0
DA:200,0
DA:201,0
DA:203,0
DA:204,0
DA:207,0
DA:209,0
DA:210,0
DA:211,0
DA:213,0
DA:214,0
DA:219,0
DA:220,0
DA:224,0
DA:226,0
DA:227,0
DA:228,0
DA:234,0
DA:236,0
DA:237,0
DA:243,0
DA:244,0
DA:248,0
DA:249,0
DA:253,0
DA:255,0
DA:256,0
DA:262,0
DA:263,0
DA:266,0
DA:267,0
DA:274,0
DA:276,0
DA:278,0
DA:279,0
DA:280,0
DA:286,0
DA:288,0
DA:291,0
DA:292,0
DA:293,0
DA:294,0
DA:295,0
DA:296,0
DA:303,0
DA:304,0
DA:305,0
DA:306,0
DA:307,0
DA:308,0
DA:310,0
DA:312,0
DA:314,0
DA:315,0
DA:316,0
DA:318,0
DA:319,0
DA:320,0
DA:322,0
DA:323,0
DA:330,0
DA:331,0
DA:332,0
DA:334,0
DA:335,0
DA:336,0
DA:337,0
DA:338,0
DA:339,0
DA:344,0
DA:345,0
DA:348,0
DA:349,0
DA:353,0
DA:354,0
DA:357,0
DA:358,0
DA:359,0
DA:362,0
LF:164
LH:0
end_of_record
SF:lib/src/theme/resource_delegate.dart
DA:21,0
DA:22,0
DA:23,0
DA:25,0
DA:27,0
DA:32,0
DA:33,0
DA:39,0
DA:40,0
DA:45,0
DA:48,0
DA:49,0
DA:52,0
DA:53,0
DA:54,0
DA:226,0
DA:229,0
DA:232,0
DA:235,0
DA:241,0
DA:244,0
DA:250,0
DA:253,0
DA:256,0
DA:265,0
DA:268,0
DA:271,0
DA:274,0
DA:277,0
DA:280,0
DA:283,0
DA:286,0
DA:289,0
DA:292,0
DA:295,0
DA:298,0
DA:301,0
DA:304,0
DA:307,0
DA:310,0
DA:313,0
DA:316,0
DA:319,0
DA:322,0
DA:325,0
DA:328,0
DA:331,0
DA:334,0
DA:337,0
DA:340,0
DA:343,0
DA:346,0
DA:349,0
DA:361,0
DA:364,0
DA:367,0
DA:370,0
DA:373,0
DA:376,0
DA:379,0
DA:380,0
LF:61
LH:0
end_of_record
SF:lib/src/components/picker/t_picker_types.dart
DA:16,0
DA:42,0
DA:45,0
DA:46,0
DA:47,0
DA:48,0
DA:49,0
DA:51,0
DA:53,0
DA:55,0
DA:56,0
DA:62,0
DA:68,0
DA:76,0
DA:81,0
DA:84,0
DA:85,0
DA:92,0
DA:93,0
DA:99,0
DA:107,0
DA:110,0
DA:112,0
DA:113,0
DA:119,0
DA:134,0
DA:135,0
DA:138,0
DA:139,0
DA:141,0
DA:143,0
LF:31
LH:0
end_of_record
SF:lib/src/components/picker/multi_wheel_layout.dart
DA:14,0
DA:30,0
DA:32,0
DA:33,0
DA:34,0
DA:36,0
DA:38,0
DA:39,0
DA:40,0
DA:41,0
DA:42,0
DA:43,0
DA:44,0
DA:45,0
DA:46,0
DA:47,0
DA:51,0
DA:52,0
DA:53,0
DA:54,0
DA:55,0
LF:21
LH:0
end_of_record
SF:lib/src/components/picker/wheel_behavior.dart
DA:13,0
DA:16,0
DA:19,0
DA:23,0
DA:25,0
DA:26,0
DA:27,0
DA:28,0
DA:29,0
DA:30,0
LF:10
LH:0
end_of_record
SF:lib/src/components/picker/wheel_column.dart
DA:17,0
DA:52,0
DA:53,0
DA:58,0
DA:65,0
DA:67,0
DA:68,0
DA:69,0
DA:72,0
DA:74,0
DA:75,0
DA:79,0
DA:83,0
DA:86,0
DA:87,0
DA:88,0
DA:89,0
DA:90,0
DA:91,0
DA:97,0
DA:98,0
DA:99,0
DA:100,0
DA:101,0
DA:104,0
DA:105,0
DA:108,0
DA:109,0
DA:114,0
DA:115,0
DA:116,0
DA:117,0
DA:120,0
DA:121,0
DA:125,0
DA:128,0
DA:129,0
DA:130,0
DA:131,0
DA:132,0
DA:135,0
DA:136,0
DA:139,0
DA:140,0
DA:143,0
DA:144,0
DA:145,0
DA:150,0
DA:151,0
DA:154,0
DA:155,0
DA:156,0
DA:161,0
DA:162,0
DA:163,0
DA:165,0
DA:169,0
DA:170,0
DA:171,0
DA:174,0
DA:176,0
DA:179,0
DA:180,0
DA:182,0
DA:183,0
DA:186,0
DA:187,0
DA:188,0
DA:189,0
DA:190,0
DA:191,0
DA:192,0
DA:194,0
DA:195,0
DA:196,0
DA:200,0
DA:203,0
DA:204,0
DA:205,0
DA:206,0
LF:80
LH:0
end_of_record
SF:lib/src/components/dialog/t_confirm_dialog.dart
DA:24,0
DA:44,0
DA:100,0
DA:101,0
DA:102,0
DA:103,0
DA:104,0
DA:106,0
DA:107,0
DA:109,0
DA:112,0
DA:113,0
DA:114,0
DA:119,0
DA:120,0
DA:121,0
DA:123,0
DA:130,0
DA:132,0
DA:133,0
DA:134,0
DA:137,0
DA:138,0
DA:139,0
DA:141,0
DA:149,0
DA:152,0
DA:153,0
DA:154,0
DA:155,0
DA:156,0
DA:157,0
DA:158,0
DA:160,0
DA:162,0
DA:163,0
DA:166,0
DA:167,0
DA:168,0
DA:170,0
DA:172,0
DA:174,0
DA:175,0
DA:176,0
DA:177,0
DA:178,0
DA:179,0
DA:180,0
DA:182,0
DA:184,0
DA:189,0
LF:51
LH:0
end_of_record
SF:lib/src/components/dialog/t_dialog.dart
DA:27,0
LF:1
LH:0
end_of_record
SF:lib/src/components/dialog/t_dialog_theme_data.dart
DA:38,1
DA:52,0
DA:56,0
DA:57,0
DA:58,0
DA:59,0
DA:60,0
DA:61,0
DA:62,0
DA:63,0
DA:64,0
DA:65,0
DA:66,0
DA:70,0
DA:83,0
DA:84,0
DA:85,0
DA:86,0
DA:87,0
DA:88,0
DA:89,0
DA:90,0
DA:91,0
DA:92,0
DA:93,0
DA:97,0
DA:99,0
DA:102,0
DA:103,0
DA:104,0
DA:105,0
DA:106,0
DA:107,0
DA:109,0
DA:111,0
DA:112,0
DA:114,0
DA:115,0
DA:119,0
DA:123,0
LF:40
LH:1
end_of_record
SF:lib/src/components/dialog/t_dialog_widget.dart
DA:26,0
DA:33,0
DA:50,0
DA:52,0
DA:53,0
DA:55,0
DA:56,0
DA:57,0
DA:58,0
DA:59,0
DA:61,0
DA:62,0
DA:63,0
DA:64,0
DA:65,0
DA:68,0
DA:69,0
DA:70,0
DA:72,0
DA:75,0
DA:76,0
DA:79,0
DA:84,0
DA:95,0
DA:99,0
DA:107,0
DA:110,0
DA:111,0
DA:112,0
DA:113,0
DA:114,0
DA:115,0
DA:117,0
DA:118,0
DA:119,0
DA:120,0
DA:129,0
DA:133,0
DA:141,0
DA:144,0
DA:145,0
DA:146,0
DA:147,0
DA:148,0
DA:149,0
DA:151,0
DA:152,0
DA:153,0
DA:154,0
DA:163,0
DA:173,0
DA:199,0
DA:202,0
DA:203,0
DA:204,0
DA:205,0
DA:206,0
DA:207,0
DA:209,0
DA:211,0
DA:212,0
DA:213,0
DA:214,0
DA:215,0
DA:216,0
DA:217,0
DA:220,0
DA:221,0
DA:222,0
DA:223,0
DA:224,0
DA:225,0
DA:226,0
DA:229,0
DA:230,0
DA:231,0
DA:233,0
DA:234,0
DA:236,0
DA:249,0
DA:253,0
DA:261,0
DA:264,0
DA:265,0
DA:267,0
DA:269,0
DA:270,0
DA:271,0
DA:272,0
DA:273,0
DA:274,0
DA:275,0
DA:276,0
DA:277,0
DA:278,0
DA:279,0
DA:280,0
DA:281,0
DA:282,0
DA:284,0
DA:290,0
DA:291,0
DA:292,0
DA:293,0
DA:294,0
DA:295,0
DA:296,0
DA:297,0
DA:298,0
DA:299,0
DA:300,0
DA:301,0
DA:302,0
DA:304,0
DA:317,0
DA:321,0
DA:329,0
DA:332,0
DA:333,0
DA:334,0
DA:336,0
DA:338,0
DA:339,0
DA:340,0
DA:341,0
DA:342,0
DA:343,0
DA:344,0
DA:345,0
DA:346,0
DA:349,0
DA:350,0
DA:351,0
DA:352,0
DA:354,0
DA:363,0
DA:364,0
DA:365,0
DA:366,0
DA:367,0
DA:368,0
DA:369,0
DA:371,0
DA:373,0
DA:374,0
DA:375,0
DA:376,0
DA:378,0
DA:392,0
DA:405,0
DA:440,0
DA:442,0
DA:443,0
DA:444,0
DA:445,0
DA:446,0
DA:447,0
DA:448,0
DA:449,0
DA:450,0
DA:451,0
DA:452,0
DA:453,0
DA:459,0
DA:460,0
DA:461,0
DA:462,0
LF:167
LH:0
end_of_record
SF:lib/src/theme/basic.dart
DA:9,1
DA:10,2
DA:11,3
DA:14,1
DA:15,4
DA:17,1
DA:18,1
DA:19,2
DA:28,1
DA:30,1
DA:31,3
DA:36,0
DA:38,0
DA:39,0
LF:14
LH:11
end_of_record
SF:lib/src/components/icon/t_icon.dart
DA:49,0
DA:60,0
DA:68,0
DA:70,0
DA:72,0
DA:81,0
DA:83,0
DA:84,0
DA:85,0
DA:86,0
DA:88,0
DA:92,0
DA:93,0
DA:94,0
DA:96,0
DA:97,0
DA:99,0
DA:100,0
DA:103,0
LF:19
LH:0
end_of_record
SF:lib/src/components/divider/t_divider_painter.dart
DA:9,0
DA:28,0
DA:30,0
DA:31,0
DA:32,0
DA:33,0
DA:35,0
DA:36,0
DA:41,0
DA:42,0
DA:43,0
DA:46,0
DA:47,0
DA:48,0
DA:58,0
DA:60,0
DA:61,0
DA:62,0
DA:63,0
LF:19
LH:0
end_of_record
SF:lib/src/components/divider/t_divider_theme_data.dart
DA:31,0
DA:41,0
DA:51,0
DA:52,0
DA:53,0
DA:54,0
DA:55,0
DA:56,0
DA:57,0
DA:58,0
DA:62,0
DA:64,0
DA:67,0
DA:68,0
DA:69,0
DA:70,0
DA:71,0
DA:72,0
DA:73,0
DA:74,0
LF:20
LH:0
end_of_record
SF:lib/src/components/drawer/t_drawer.dart
DA:18,0
DA:76,0
DA:77,0
DA:82,0
DA:83,0
DA:84,0
DA:87,0
DA:88,0
DA:89,0
DA:90,0
DA:93,0
DA:94,0
DA:95,0
DA:97,0
DA:98,0
DA:99,0
DA:101,0
DA:106,0
DA:107,0
DA:108,0
DA:109,0
DA:110,0
DA:111,0
DA:112,0
DA:113,0
DA:114,0
DA:115,0
DA:116,0
DA:121,0
DA:124,0
DA:125,0
DA:126,0
DA:131,0
DA:135,0
DA:137,0
DA:138,0
LF:36
LH:0
end_of_record
SF:lib/src/components/drawer/t_drawer_theme_data.dart
DA:46,2
DA:61,0
DA:76,0
DA:77,0
DA:78,0
DA:79,0
DA:80,0
DA:81,0
DA:82,0
DA:83,0
DA:84,0
DA:85,0
DA:86,0
DA:87,0
DA:88,0
DA:92,0
DA:94,0
DA:97,0
DA:98,0
DA:99,0
DA:100,0
DA:101,0
DA:103,0
DA:104,0
DA:105,0
DA:106,0
DA:108,0
DA:109,0
DA:110,0
DA:111,0
LF:30
LH:1
end_of_record
SF:lib/src/components/drawer/t_drawer_widget.dart
DA:16,0
DA:60,0
DA:62,0
DA:63,0
DA:64,0
DA:65,0
DA:66,0
DA:67,0
DA:68,0
DA:70,0
DA:71,0
DA:72,0
DA:73,0
DA:74,0
DA:75,0
DA:76,0
DA:77,0
DA:78,0
DA:79,0
DA:82,0
DA:83,0
DA:85,0
DA:86,0
DA:87,0
DA:88,0
DA:92,0
DA:94,0
DA:95,0
DA:96,0
DA:97,0
DA:99,0
DA:101,0
DA:103,0
DA:104,0
DA:105,0
DA:106,0
DA:107,0
DA:108,0
DA:109,0
DA:110,0
DA:111,0
DA:112,0
DA:119,0
DA:120,0
DA:121,0
DA:122,0
DA:127,0
DA:135,0
DA:139,0
DA:140,0
DA:141,0
DA:143,0
DA:144,0
DA:145,0
DA:146,0
DA:147,0
DA:151,0
DA:155,0
DA:156,0
DA:157,0
DA:159,0
DA:160,0
DA:161,0
DA:162,0
DA:163,0
DA:169,0
DA:191,0
DA:192,0
DA:198,0
DA:200,0
DA:201,0
DA:202,0
DA:203,0
DA:204,0
DA:205,0
DA:206,0
DA:207,0
DA:209,0
DA:210,0
DA:211,0
DA:213,0
DA:214,0
DA:215,0
DA:223,0
DA:225,0
DA:227,0
DA:228,0
DA:229,0
DA:231,0
DA:234,0
DA:237,0
DA:239,0
DA:241,0
DA:245,0
DA:251,0
DA:252,0
DA:253,0
DA:260,0
LF:98
LH:0
end_of_record
SF:lib/src/components/dropdown_menu/t_dropdown_inherited.dart
DA:8,0
DA:9,0
DA:17,0
DA:23,0
DA:24,0
LF:5
LH:0
end_of_record
SF:lib/src/components/dropdown_menu/t_dropdown_menu.dart
DA:36,0
DA:48,0
DA:80,0
DA:81,0
DA:92,0
DA:94,0
DA:95,0
DA:98,0
DA:100,0
DA:101,0
DA:103,0
DA:106,0
DA:108,0
DA:109,0
DA:110,0
DA:111,0
DA:115,0
DA:117,0
DA:119,0
DA:120,0
DA:123,0
DA:124,0
DA:125,0
DA:126,0
DA:127,0
DA:128,0
DA:133,0
DA:134,0
DA:135,0
DA:136,0
DA:137,0
DA:138,0
DA:139,0
DA:144,0
DA:145,0
DA:146,0
DA:147,0
DA:148,0
DA:149,0
DA:150,0
DA:151,0
DA:152,0
DA:161,0
DA:162,0
DA:163,0
DA:164,0
DA:167,0
DA:168,0
DA:169,0
DA:170,0
DA:172,0
DA:173,0
DA:174,0
DA:176,0
DA:179,0
DA:180,0
DA:181,0
DA:182,0
DA:185,0
DA:186,0
DA:187,0
DA:188,0
DA:189,0
DA:190,0
DA:192,0
DA:194,0
DA:195,0
DA:198,0
DA:200,0
DA:202,0
DA:203,0
DA:205,0
DA:206,0
DA:207,0
DA:213,0
DA:214,0
DA:215,0
DA:216,0
DA:218,0
DA:220,0
DA:227,0
DA:228,0
DA:229,0
DA:230,0
DA:233,0
DA:234,0
DA:235,0
DA:237,0
DA:238,0
DA:243,0
DA:244,0
DA:248,0
DA:249,0
DA:253,0
DA:254,0
DA:255,0
DA:260,0
DA:262,0
DA:263,0
DA:265,0
DA:266,0
DA:267,0
DA:268,0
DA:269,0
DA:270,0
DA:272,0
DA:273,0
DA:274,0
DA:276,0
DA:277,0
DA:280,0
DA:281,0
DA:282,0
DA:283,0
DA:284,0
DA:285,0
DA:286,0
DA:287,0
DA:293,0
DA:294,0
DA:295,0
DA:298,0
DA:299,0
DA:300,0
DA:301,0
DA:302,0
DA:305,0
DA:307,0
DA:309,0
DA:310,0
LF:130
LH:0
end_of_record
SF:lib/src/components/dropdown_menu/t_dropdown_popup.dart
DA:20,0
DA:78,0
DA:81,0
DA:83,0
DA:85,0
DA:86,0
DA:87,0
DA:88,0
DA:89,0
DA:90,0
DA:91,0
DA:92,0
DA:93,0
DA:94,0
DA:95,0
DA:97,0
DA:98,0
DA:99,0
DA:101,0
DA:102,0
DA:104,0
DA:105,0
DA:106,0
DA:107,0
DA:109,0
DA:110,0
DA:111,0
DA:113,0
DA:114,0
DA:119,0
DA:120,0
DA:121,0
DA:122,0
DA:123,0
DA:124,0
DA:125,0
DA:126,0
DA:127,0
DA:128,0
DA:130,0
DA:132,0
DA:135,0
DA:138,0
DA:139,0
DA:140,0
DA:143,0
DA:145,0
DA:146,0
DA:148,0
DA:150,0
DA:151,0
DA:152,0
DA:153,0
DA:154,0
DA:156,0
DA:158,0
DA:159,0
DA:160,0
DA:162,0
DA:163,0
DA:164,0
DA:165,0
DA:166,0
DA:167,0
DA:169,0
DA:171,0
DA:177,0
DA:178,0
DA:179,0
DA:180,0
DA:183,0
DA:184,0
DA:185,0
DA:186,0
DA:187,0
DA:188,0
DA:189,0
DA:193,0
DA:199,0
DA:200,0
DA:201,0
DA:202,0
DA:205,0
DA:213,0
DA:214,0
DA:215,0
DA:216,0
DA:231,0
DA:232,0
DA:233,0
DA:241,0
DA:243,0
DA:245,0
DA:248,0
DA:250,0
LF:95
LH:0
end_of_record
SF:lib/src/components/dropdown_menu/t_dropdown_item.dart
DA:28,0
DA:49,0
DA:50,0
DA:112,0
DA:113,0
DA:115,0
DA:116,0
DA:119,0
DA:120,0
DA:121,0
DA:123,0
DA:124,0
DA:125,0
DA:128,0
DA:131,0
DA:132,0
DA:139,0
DA:141,0
DA:142,0
DA:143,0
DA:144,0
DA:145,0
DA:147,0
DA:148,0
DA:149,0
DA:152,0
DA:153,0
DA:154,0
DA:155,0
DA:156,0
DA:158,0
DA:159,0
DA:162,0
DA:163,0
DA:164,0
DA:165,0
DA:166,0
DA:167,0
DA:168,0
DA:171,0
DA:172,0
DA:173,0
DA:174,0
DA:175,0
DA:176,0
DA:178,0
DA:184,0
DA:185,0
DA:186,0
DA:191,0
DA:192,0
DA:193,0
DA:194,0
DA:195,0
DA:197,0
DA:198,0
DA:199,0
DA:200,0
DA:201,0
DA:203,0
DA:205,0
DA:216,0
DA:221,0
DA:222,0
DA:223,0
DA:224,0
DA:225,0
DA:226,0
DA:227,0
DA:228,0
DA:230,0
DA:232,0
DA:233,0
DA:241,0
DA:242,0
DA:243,0
DA:244,0
DA:245,0
DA:246,0
DA:249,0
DA:251,0
DA:252,0
DA:254,0
DA:256,0
DA:258,0
DA:259,0
DA:260,0
DA:263,0
DA:264,0
DA:266,0
DA:268,0
DA:269,0
DA:278,0
DA:279,0
DA:280,0
DA:281,0
DA:282,0
DA:283,0
DA:284,0
DA:285,0
DA:286,0
DA:287,0
DA:291,0
DA:292,0
DA:293,0
DA:295,0
DA:297,0
DA:298,0
DA:299,0
DA:301,0
DA:302,0
DA:303,0
DA:304,0
DA:306,0
DA:307,0
DA:313,0
DA:316,0
DA:317,0
DA:324,0
DA:327,0
DA:328,0
DA:329,0
DA:330,0
DA:331,0
DA:332,0
DA:334,0
DA:336,0
DA:341,0
DA:342,0
DA:344,0
DA:345,0
DA:346,0
DA:347,0
DA:349,0
DA:350,0
DA:351,0
DA:352,0
DA:358,0
DA:359,0
DA:360,0
DA:361,0
DA:363,0
DA:364,0
DA:365,0
DA:367,0
DA:368,0
DA:375,0
DA:376,0
DA:377,0
DA:379,0
DA:380,0
DA:381,0
DA:383,0
DA:384,0
DA:396,0
DA:397,0
DA:398,0
DA:399,0
DA:406,0
DA:408,0
DA:411,0
DA:412,0
DA:414,0
DA:415,0
DA:416,0
DA:420,0
DA:421,0
DA:423,0
DA:427,0
DA:428,0
DA:429,0
DA:432,0
DA:433,0
DA:434,0
DA:436,0
DA:439,0
DA:440,0
DA:441,0
DA:443,0
DA:444,0
DA:452,0
LF:181
LH:0
end_of_record
SF:lib/src/components/radio/t_radio.dart
DA:38,0
DA:75,0
DA:151,0
DA:152,0
DA:154,0
DA:156,0
DA:157,0
DA:158,0
DA:159,0
DA:161,0
DA:162,0
DA:164,0
DA:165,0
DA:167,0
DA:170,0
DA:171,0
DA:172,0
DA:173,0
DA:174,0
DA:177,0
DA:178,0
DA:179,0
DA:181,0
DA:182,0
DA:183,0
DA:186,0
DA:188,0
DA:190,0
DA:193,0
DA:195,0
DA:197,0
DA:200,0
DA:201,0
DA:202,0
DA:203,0
DA:205,0
DA:207,0
DA:209,0
DA:210,0
DA:211,0
DA:215,0
DA:216,0
DA:218,0
DA:219,0
DA:221,0
DA:222,0
DA:224,0
DA:227,0
DA:228,0
DA:229,0
DA:237,0
DA:238,0
DA:239,0
DA:240,0
DA:242,0
DA:243,0
DA:244,0
DA:247,0
DA:248,0
DA:249,0
DA:250,0
DA:254,0
DA:255,0
DA:256,0
DA:257,0
DA:260,0
DA:261,0
DA:262,0
DA:263,0
DA:264,0
DA:265,0
DA:266,0
DA:267,0
DA:270,0
DA:271,0
DA:272,0
DA:279,0
DA:280,0
DA:283,0
DA:284,0
DA:285,0
DA:286,0
DA:287,0
DA:288,0
DA:289,0
DA:290,0
DA:293,0
DA:294,0
DA:295,0
DA:296,0
DA:297,0
DA:299,0
DA:300,0
DA:301,0
DA:302,0
DA:303,0
DA:304,0
DA:307,0
DA:308,0
DA:309,0
DA:310,0
DA:311,0
DA:312,0
DA:314,0
DA:315,0
DA:316,0
DA:317,0
DA:318,0
DA:319,0
DA:328,0
DA:336,0
DA:338,0
DA:339,0
DA:340,0
DA:341,0
DA:342,0
DA:343,0
DA:344,0
DA:345,0
DA:346,0
DA:347,0
DA:348,0
DA:349,0
DA:353,0
DA:355,0
DA:361,0
DA:393,0
DA:425,0
DA:427,0
DA:428,0
DA:429,0
DA:430,0
DA:431,0
DA:432,0
DA:434,0
DA:435,0
DA:439,0
DA:440,0
DA:442,0
DA:443,0
DA:447,0
DA:448,0
DA:449,0
DA:450,0
DA:452,0
DA:453,0
DA:454,0
DA:455,0
DA:462,0
DA:463,0
DA:464,0
DA:465,0
DA:466,0
DA:467,0
DA:471,0
DA:473,0
DA:478,0
DA:479,0
DA:480,0
DA:481,0
DA:482,0
DA:483,0
DA:484,0
DA:485,0
DA:486,0
DA:487,0
LF:166
LH:0
end_of_record
SF:lib/src/components/dropdown_menu/t_dropdown_theme_data.dart
DA:28,2
DA:38,0
DA:42,0
DA:43,0
DA:44,0
DA:45,0
DA:46,0
DA:47,0
DA:48,0
DA:49,0
DA:53,0
DA:63,0
DA:64,0
DA:65,0
DA:66,0
DA:67,0
DA:68,0
DA:69,0
DA:70,0
DA:74,0
DA:76,0
DA:79,0
DA:80,0
DA:81,0
DA:82,0
DA:83,0
DA:84,0
DA:85,0
DA:86,0
DA:90,0
DA:94,0
LF:31
LH:1
end_of_record
SF:lib/src/components/dropdown_menu/t_dropdown_panel.dart
DA:11,0
DA:23,0
DA:55,0
DA:56,0
DA:63,0
DA:65,0
DA:66,0
DA:67,0
DA:70,0
DA:72,0
DA:73,0
DA:78,0
DA:80,0
DA:81,0
DA:84,0
DA:86,0
DA:87,0
DA:88,0
DA:89,0
DA:90,0
DA:91,0
DA:92,0
DA:100,0
DA:101,0
DA:104,0
DA:105,0
DA:108,0
DA:109,0
DA:110,0
DA:113,0
DA:114,0
DA:115,0
DA:136,0
DA:137,0
DA:139,0
DA:141,0
DA:142,0
DA:143,0
DA:146,0
DA:147,0
DA:148,0
DA:149,0
DA:150,0
DA:157,0
DA:158,0
DA:159,0
DA:160,0
DA:161,0
DA:165,0
DA:166,0
DA:167,0
DA:168,0
LF:52
LH:0
end_of_record
SF:lib/src/components/empty/t_empty.dart
DA:22,0
DA:31,0
DA:55,0
DA:56,0
DA:58,0
DA:60,0
DA:61,0
DA:62,0
DA:63,0
DA:65,0
DA:67,0
DA:69,0
DA:70,0
DA:71,0
DA:72,0
DA:74,0
DA:76,0
DA:77,0
DA:78,0
DA:80,0
DA:81,0
DA:83,0
DA:84,0
DA:85,0
DA:87,0
DA:88,0
DA:91,0
DA:93,0
LF:28
LH:0
end_of_record
SF:lib/src/components/empty/t_empty_theme_data.dart
DA:19,1
DA:25,0
DA:31,0
DA:32,0
DA:33,0
DA:34,0
DA:38,0
DA:40,0
DA:43,0
DA:44,0
DA:45,0
DA:46,0
LF:12
LH:1
end_of_record
SF:lib/src/components/fab/t_fab.dart
DA:41,0
DA:101,0
DA:104,0
DA:105,0
DA:108,0
DA:109,0
DA:110,0
DA:111,0
DA:112,0
DA:113,0
DA:114,0
DA:115,0
DA:116,0
DA:117,0
DA:118,0
DA:122,0
DA:124,0
DA:127,0
DA:131,0
DA:133,0
DA:134,0
DA:135,0
DA:136,0
DA:142,0
DA:143,0
DA:145,0
DA:147,0
DA:153,0
DA:154,0
DA:156,0
DA:157,0
DA:161,0
DA:165,0
DA:166,0
DA:167,0
LF:35
LH:0
end_of_record
SF:lib/src/components/fab/t_fab_defaults.dart
DA:26,0
LF:1
LH:0
end_of_record
SF:lib/src/components/fab/t_fab_drag.dart
DA:10,0
DA:19,0
DA:22,0
DA:27,0
DA:28,0
DA:29,0
DA:33,0
DA:46,0
DA:64,0
DA:65,0
DA:74,0
DA:76,0
DA:77,0
DA:78,0
DA:81,0
DA:83,0
DA:84,0
DA:85,0
DA:87,0
DA:88,0
DA:91,0
DA:92,0
DA:95,0
DA:97,0
DA:98,0
DA:99,0
DA:100,0
DA:101,0
DA:102,0
DA:103,0
DA:104,0
DA:105,0
DA:106,0
DA:112,0
DA:113,0
DA:114,0
DA:115,0
DA:120,0
DA:121,0
DA:122,0
DA:124,0
DA:126,0
DA:127,0
DA:128,0
DA:129,0
DA:130,0
DA:133,0
DA:134,0
DA:135,0
DA:136,0
DA:142,0
DA:143,0
DA:147,0
DA:148,0
DA:150,0
DA:151,0
DA:156,0
DA:161,0
DA:162,0
DA:163,0
DA:164,0
DA:166,0
DA:167,0
DA:170,0
DA:171,0
DA:174,0
DA:175,0
DA:179,0
DA:182,0
DA:183,0
DA:184,0
DA:185,0
DA:191,0
DA:192,0
DA:193,0
DA:196,0
DA:197,0
DA:198,0
DA:199,0
DA:200,0
DA:203,0
DA:204,0
DA:205,0
DA:208,0
DA:209,0
DA:210,0
DA:211,0
DA:213,0
DA:214,0
DA:217,0
DA:218,0
DA:219,0
DA:220,0
LF:93
LH:0
end_of_record
SF:lib/src/components/fab/t_fab_layout.dart
DA:32,0
DA:46,0
DA:67,0
LF:3
LH:0
end_of_record
SF:lib/src/components/fab/t_fab_resolve.dart
DA:18,0
DA:33,0
DA:35,0
DA:50,0
DA:56,0
DA:62,0
DA:63,0
DA:70,0
DA:72,0
DA:74,0
DA:75,0
LF:11
LH:0
end_of_record
SF:lib/src/components/fab/t_fab_theme_data.dart
DA:30,1
DA:39,0
DA:48,0
DA:49,0
DA:50,0
DA:51,0
DA:52,0
DA:54,0
DA:55,0
DA:59,0
DA:61,0
DA:64,0
DA:65,0
DA:66,0
DA:67,0
DA:68,0
DA:70,0
DA:71,0
LF:18
LH:1
end_of_record
SF:lib/src/components/footer/t_footer.dart
DA:23,0
DA:30,0
DA:47,0
DA:49,0
DA:50,0
DA:52,0
DA:53,0
DA:54,0
DA:56,0
DA:57,0
DA:58,0
DA:61,0
DA:62,0
DA:66,0
DA:67,0
DA:69,0
DA:76,0
DA:77,0
DA:78,0
DA:80,0
DA:81,0
DA:83,0
DA:89,0
DA:90,0
DA:92,0
DA:93,0
DA:95,0
DA:97,0
DA:98,0
DA:99,0
DA:100,0
DA:101,0
DA:102,0
DA:103,0
DA:104,0
DA:109,0
DA:112,0
DA:114,0
DA:116,0
DA:122,0
DA:123,0
DA:124,0
DA:129,0
DA:130,0
DA:131,0
DA:132,0
LF:46
LH:0
end_of_record
SF:lib/src/components/image/t_image.dart
DA:36,0
DA:55,0
DA:107,0
DA:109,0
DA:110,0
DA:111,0
DA:112,0
DA:113,0
DA:120,0
DA:127,0
DA:130,0
DA:133,0
DA:140,0
DA:141,0
DA:143,0
DA:147,0
DA:148,0
DA:149,0
DA:150,0
DA:151,0
DA:152,0
DA:153,0
DA:154,0
DA:155,0
DA:156,0
DA:157,0
DA:158,0
DA:162,0
DA:164,0
DA:168,0
DA:169,0
DA:173,0
DA:180,0
DA:181,0
DA:182,0
DA:184,0
DA:189,0
DA:191,0
DA:192,0
DA:194,0
DA:199,0
DA:200,0
DA:201,0
DA:203,0
DA:205,0
DA:210,0
DA:214,0
DA:215,0
DA:219,0
DA:226,0
DA:231,0
DA:233,0
DA:237,0
DA:238,0
DA:242,0
DA:249,0
DA:255,0
DA:258,0
DA:259,0
DA:260,0
DA:261,0
DA:262,0
DA:270,0
DA:276,0
DA:277,0
DA:278,0
DA:279,0
DA:280,0
DA:282,0
DA:283,0
DA:284,0
DA:287,0
DA:288,0
DA:289,0
DA:292,0
DA:293,0
DA:297,0
DA:299,0
DA:301,0
DA:303,0
DA:305,0
DA:307,0
DA:308,0
DA:309,0
LF:84
LH:0
end_of_record
SF:lib/src/components/link/t_link.dart
DA:12,0
DA:23,0
DA:53,0
DA:55,0
DA:57,0
DA:58,0
DA:60,0
DA:61,0
DA:64,0
DA:66,0
DA:72,0
DA:81,0
DA:82,0
DA:86,0
DA:87,0
DA:92,0
DA:98,0
DA:105,0
DA:110,0
DA:112,0
DA:115,0
DA:116,0
DA:117,0
DA:118,0
DA:124,0
DA:130,0
DA:131,0
DA:132,0
DA:133,0
DA:138,0
DA:139,0
DA:150,0
DA:157,0
DA:162,0
DA:171,0
DA:172,0
DA:175,0
DA:179,0
DA:183,0
DA:185,0
DA:188,0
DA:190,0
DA:192,0
DA:193,0
DA:195,0
DA:197,0
DA:198,0
DA:201,0
DA:207,0
DA:209,0
DA:210,0
DA:213,0
DA:214,0
DA:220,0
DA:222,0
DA:226,0
DA:227,0
LF:57
LH:0
end_of_record
SF:lib/src/components/footer/t_footer_theme_data.dart
DA:10,1
DA:14,0
DA:18,0
DA:19,0
DA:23,0
DA:25,0
DA:28,0
DA:29,0
LF:8
LH:1
end_of_record
SF:lib/src/components/form/t_form.dart
DA:7,0
DA:51,0
DA:52,0
DA:63,0
DA:66,0
DA:67,0
DA:68,0
DA:69,0
DA:75,0
DA:76,0
DA:78,0
DA:79,0
DA:87,0
DA:88,0
DA:89,0
DA:90,0
DA:94,0
DA:95,0
DA:96,0
DA:101,0
DA:102,0
DA:104,0
DA:111,0
DA:112,0
DA:115,0
DA:116,0
DA:117,0
DA:121,0
DA:122,0
DA:123,0
DA:124,0
DA:128,0
DA:130,0
DA:131,0
DA:134,0
DA:136,0
DA:137,0
DA:138,0
DA:139,0
DA:143,0
DA:145,0
DA:146,0
DA:149,0
DA:151,0
DA:153,0
DA:154,0
DA:155,0
DA:156,0
DA:157,0
DA:158,0
DA:159,0
DA:170,0
DA:173,0
DA:176,0
DA:179,0
DA:181,0
DA:183,0
DA:184,0
DA:185,0
DA:191,0
DA:202,0
DA:203,0
DA:206,0
DA:208,0
DA:209,0
DA:218,0
DA:232,0
DA:233,0
DA:236,0
DA:238,0
DA:257,0
DA:327,0
DA:328,0
DA:336,0
DA:338,0
DA:339,0
DA:342,0
DA:344,0
DA:345,0
DA:346,0
DA:348,0
DA:349,0
DA:350,0
DA:354,0
DA:356,0
DA:357,0
DA:360,0
DA:361,0
DA:362,0
DA:363,0
DA:365,0
DA:368,0
DA:369,0
DA:372,0
DA:373,0
DA:374,0
DA:375,0
DA:378,0
DA:379,0
DA:380,0
DA:381,0
DA:386,0
DA:387,0
DA:388,0
DA:390,0
DA:391,0
DA:396,0
DA:399,0
DA:403,0
DA:404,0
DA:406,0
DA:407,0
DA:409,0
DA:410,0
DA:415,0
DA:417,0
DA:418,0
DA:419,0
DA:420,0
DA:421,0
DA:422,0
DA:423,0
DA:424,0
DA:426,0
DA:427,0
DA:428,0
DA:430,0
DA:432,0
DA:433,0
DA:435,0
DA:436,0
DA:437,0
DA:438,0
DA:439,0
LF:134
LH:0
end_of_record
SF:lib/src/components/form/t_form_item.dart
DA:12,0
DA:22,0
DA:23,0
DA:26,0
DA:28,0
DA:34,0
DA:84,0
DA:86,0
DA:87,0
DA:88,0
DA:89,0
DA:90,0
DA:91,0
DA:92,0
DA:93,0
DA:94,0
DA:95,0
DA:96,0
DA:97,0
DA:98,0
DA:99,0
DA:100,0
DA:101,0
DA:102,0
DA:103,0
DA:104,0
DA:106,0
DA:107,0
DA:108,0
DA:110,0
DA:112,0
DA:119,0
DA:121,0
DA:122,0
DA:124,0
DA:126,0
DA:127,0
DA:131,0
DA:133,0
DA:134,0
DA:136,0
DA:138,0
DA:139,0
DA:140,0
DA:144,0
DA:145,0
DA:146,0
DA:147,0
DA:154,0
DA:155,0
DA:156,0
DA:157,0
DA:158,0
DA:159,0
DA:161,0
DA:163,0
DA:164,0
DA:165,0
DA:168,0
DA:170,0
DA:171,0
DA:173,0
DA:175,0
DA:176,0
LF:64
LH:0
end_of_record
SF:lib/src/components/form/t_form_theme_data.dart
DA:16,1
DA:96,0
DA:112,0
DA:113,0
DA:114,0
DA:115,0
DA:116,0
DA:117,0
DA:118,0
DA:119,0
DA:120,0
DA:121,0
DA:122,0
DA:123,0
DA:124,0
DA:125,0
DA:129,0
DA:131,0
DA:134,0
DA:135,0
DA:136,0
DA:137,0
DA:138,0
DA:139,0
DA:141,0
DA:142,0
DA:143,0
DA:144,0
DA:145,0
DA:146,0
DA:147,0
DA:148,0
LF:32
LH:1
end_of_record
SF:lib/src/components/icon/t_icon_theme_data.dart
DA:16,1
DA:18,0
DA:20,0
DA:21,0
DA:22,0
DA:26,0
DA:28,0
DA:31,0
DA:32,0
DA:33,0
LF:10
LH:1
end_of_record
SF:lib/src/components/image/t_image_theme_data.dart
DA:8,1
DA:47,0
DA:59,0
DA:60,0
DA:61,0
DA:62,0
DA:63,0
DA:64,0
DA:65,0
DA:66,0
DA:67,0
DA:68,0
DA:72,0
DA:74,0
DA:77,0
DA:78,0
DA:79,0
DA:80,0
DA:82,0
DA:83,0
DA:85,0
DA:86,0
DA:87,0
DA:88,0
LF:24
LH:1
end_of_record
SF:lib/src/components/image_viewer/t_image_viewer.dart
DA:19,0
DA:41,0
DA:61,0
DA:62,0
DA:63,0
DA:64,0
DA:65,0
DA:68,0
DA:70,0
DA:93,0
DA:129,0
DA:130,0
DA:136,0
DA:138,0
DA:139,0
DA:140,0
DA:141,0
DA:143,0
DA:144,0
DA:146,0
DA:147,0
DA:148,0
DA:149,0
DA:150,0
DA:151,0
DA:152,0
DA:154,0
DA:155,0
DA:156,0
DA:157,0
DA:159,0
DA:160,0
DA:161,0
DA:162,0
DA:163,0
DA:164,0
DA:165,0
DA:167,0
DA:168,0
DA:170,0
DA:178,0
DA:180,0
DA:182,0
DA:185,0
DA:186,0
DA:187,0
DA:188,0
DA:189,0
DA:191,0
DA:192,0
DA:194,0
DA:195,0
DA:197,0
DA:198,0
DA:210,0
DA:211,0
DA:214,0
DA:215,0
DA:218,0
DA:219,0
DA:220,0
DA:222,0
DA:224,0
DA:225,0
DA:226,0
DA:230,0
DA:231,0
DA:233,0
DA:234,0
DA:235,0
DA:236,0
DA:237,0
DA:238,0
DA:239,0
DA:247,0
DA:248,0
DA:251,0
DA:253,0
DA:254,0
DA:255,0
DA:257,0
DA:259,0
DA:264,0
DA:265,0
DA:268,0
DA:271,0
DA:272,0
DA:274,0
LF:88
LH:0
end_of_record
SF:lib/src/components/swiper/t_swiper.dart
DA:18,0
DA:39,0
DA:40,0
DA:41,0
DA:42,0
DA:43,0
DA:44,0
DA:103,0
DA:105,0
DA:106,0
DA:115,0
DA:117,0
DA:119,0
DA:120,0
DA:121,0
DA:123,0
DA:124,0
DA:127,0
DA:129,0
DA:130,0
DA:131,0
DA:132,0
DA:135,0
DA:137,0
DA:138,0
DA:139,0
DA:140,0
DA:141,0
DA:142,0
DA:143,0
DA:144,0
DA:145,0
DA:146,0
DA:147,0
DA:148,0
DA:149,0
DA:155,0
DA:156,0
DA:157,0
DA:158,0
DA:162,0
DA:163,0
DA:164,0
DA:167,0
DA:168,0
DA:169,0
DA:170,0
DA:171,0
DA:172,0
DA:177,0
DA:178,0
DA:179,0
DA:180,0
DA:184,0
DA:186,0
DA:188,0
DA:190,0
DA:191,0
DA:192,0
DA:193,0
DA:194,0
DA:195,0
DA:196,0
DA:198,0
DA:199,0
DA:200,0
DA:201,0
DA:202,0
DA:203,0
DA:204,0
DA:205,0
DA:208,0
DA:211,0
DA:213,0
DA:215,0
DA:216,0
DA:217,0
DA:218,0
DA:219,0
DA:226,0
DA:231,0
DA:232,0
DA:233,0
DA:236,0
DA:237,0
DA:239,0
DA:240,0
DA:241,0
DA:242,0
DA:243,0
DA:245,0
DA:247,0
DA:248,0
DA:249,0
DA:252,0
DA:253,0
DA:254,0
DA:255,0
DA:262,0
DA:268,0
DA:270,0
DA:271,0
DA:272,0
DA:273,0
DA:274,0
DA:275,0
DA:276,0
DA:280,0
DA:285,0
DA:286,0
DA:287,0
DA:289,0
DA:290,0
DA:291,0
DA:292,0
DA:294,0
DA:295,0
DA:296,0
DA:299,0
DA:300,0
DA:301,0
DA:302,0
DA:303,0
DA:304,0
DA:305,0
DA:312,0
DA:313,0
DA:314,0
DA:315,0
DA:316,0
DA:317,0
DA:319,0
DA:321,0
DA:322,0
DA:323,0
DA:324,0
DA:325,0
DA:326,0
DA:333,0
DA:334,0
DA:335,0
DA:336,0
DA:338,0
DA:340,0
DA:341,0
DA:343,0
DA:344,0
DA:345,0
DA:350,0
DA:352,0
DA:353,0
DA:354,0
DA:364,0
DA:366,0
DA:367,0
DA:368,0
LF:156
LH:0
end_of_record
SF:lib/src/components/image_viewer/t_image_viewer_theme_data.dart
DA:31,1
DA:42,0
DA:53,0
DA:54,0
DA:56,0
DA:57,0
DA:58,0
DA:59,0
DA:60,0
DA:61,0
DA:62,0
DA:66,0
DA:69,0
DA:72,0
DA:73,0
DA:75,0
DA:76,0
DA:77,0
DA:78,0
DA:79,0
DA:80,0
DA:81,0
LF:22
LH:1
end_of_record
SF:lib/src/components/indexes/sticky_header/sticky_header_render.dart
DA:14,0
DA:25,0
DA:26,0
DA:33,0
DA:36,0
DA:37,0
DA:40,0
DA:41,0
DA:44,0
DA:47,0
DA:48,0
DA:51,0
DA:52,0
DA:55,0
DA:58,0
DA:59,0
DA:62,0
DA:63,0
DA:66,0
DA:69,0
DA:70,0
DA:73,0
DA:75,0
DA:77,0
DA:81,0
DA:84,0
DA:85,0
DA:86,0
DA:88,0
DA:89,0
DA:90,0
DA:95,0
DA:98,0
DA:99,0
DA:100,0
DA:102,0
DA:103,0
DA:104,0
DA:108,0
DA:110,0
DA:111,0
DA:115,0
DA:117,0
DA:118,0
DA:119,0
DA:121,0
DA:122,0
DA:126,0
DA:128,0
DA:129,0
DA:130,0
DA:132,0
DA:133,0
DA:137,0
DA:139,0
DA:140,0
DA:142,0
DA:143,0
DA:147,0
DA:149,0
DA:150,0
DA:152,0
DA:153,0
DA:157,0
DA:159,0
DA:160,0
DA:161,0
DA:163,0
DA:164,0
DA:169,0
DA:170,0
DA:173,0
DA:174,0
DA:175,0
DA:176,0
DA:177,0
DA:178,0
DA:182,0
DA:184,0
DA:186,0
DA:187,0
DA:192,0
DA:194,0
DA:195,0
DA:196,0
DA:197,0
DA:198,0
DA:202,0
DA:206,0
DA:207,0
DA:208,0
DA:210,0
DA:211,0
DA:217,0
DA:219,0
DA:220,0
DA:221,0
DA:222,0
DA:223,0
DA:224,0
DA:225,0
DA:229,0
DA:230,0
DA:231,0
DA:232,0
DA:237,0
DA:238,0
DA:239,0
DA:242,0
DA:243,0
DA:244,0
DA:246,0
DA:247,0
DA:248,0
DA:249,0
DA:250,0
DA:251,0
DA:254,0
DA:256,0
DA:257,0
DA:259,0
DA:260,0
DA:262,0
DA:263,0
DA:265,0
DA:266,0
DA:271,0
DA:272,0
DA:273,0
DA:274,0
DA:275,0
DA:276,0
DA:277,0
DA:279,0
DA:280,0
DA:281,0
DA:283,0
DA:284,0
DA:285,0
DA:289,0
DA:290,0
DA:292,0
DA:293,0
DA:294,0
DA:295,0
DA:296,0
DA:297,0
DA:298,0
DA:306,0
DA:307,0
DA:309,0
DA:310,0
DA:312,0
DA:313,0
DA:315,0
DA:316,0
DA:322,0
DA:325,0
DA:326,0
DA:327,0
DA:328,0
DA:329,0
DA:330,0
DA:332,0
DA:333,0
DA:334,0
DA:335,0
DA:336,0
DA:341,0
DA:342,0
DA:343,0
DA:344,0
DA:345,0
DA:347,0
DA:348,0
DA:349,0
DA:354,0
DA:356,0
DA:357,0
DA:359,0
DA:360,0
DA:365,0
DA:367,0
DA:368,0
DA:369,0
DA:371,0
DA:375,0
DA:377,0
DA:378,0
DA:381,0
DA:383,0
DA:384,0
DA:385,0
DA:386,0
DA:390,0
DA:391,0
DA:392,0
LF:197
LH:0
end_of_record
SF:lib/src/components/indexes/sticky_header/sticky_header_widget.dart
DA:21,0
DA:25,0
DA:26,0
DA:27,0
DA:28,0
DA:42,0
DA:45,0
DA:61,0
DA:62,0
DA:63,0
DA:66,0
DA:67,0
DA:73,0
DA:75,0
DA:76,0
DA:79,0
DA:81,0
DA:82,0
DA:85,0
DA:87,0
DA:88,0
DA:89,0
DA:95,0
DA:99,0
DA:103,0
DA:105,0
DA:112,1
DA:121,0
DA:126,0
DA:130,0
DA:133,0
DA:135,0
DA:153,0
DA:161,0
DA:170,0
DA:178,0
DA:180,0
DA:181,0
DA:214,0
DA:216,0
DA:217,0
DA:218,0
DA:219,0
DA:220,0
DA:224,0
DA:225,0
DA:227,0
DA:233,0
DA:234,0
DA:235,0
DA:236,0
DA:242,0
DA:244,0
DA:245,0
DA:251,0
DA:253,0
DA:254,0
DA:256,0
DA:257,0
DA:261,0
DA:263,0
DA:264,0
DA:265,0
DA:267,0
DA:268,0
DA:272,0
DA:274,0
DA:275,0
DA:276,0
DA:279,0
DA:281,0
DA:282,0
DA:283,0
DA:284,0
DA:287,0
DA:289,0
DA:290,0
DA:291,0
DA:293,0
DA:294,0
DA:296,0
DA:299,0
DA:301,0
DA:304,0
DA:306,0
DA:307,0
DA:308,0
DA:310,0
DA:311,0
DA:313,0
LF:90
LH:1
end_of_record
SF:lib/src/components/indexes/t_indexes.dart
DA:20,0
DA:34,0
DA:76,0
DA:77,0
DA:91,0
DA:93,0
DA:97,0
DA:98,0
DA:103,0
DA:104,0
DA:107,0
DA:108,0
DA:109,0
DA:112,0
DA:114,0
DA:115,0
DA:116,0
DA:117,0
DA:120,0
DA:122,0
DA:123,0
DA:124,0
DA:125,0
DA:126,0
DA:127,0
DA:129,0
DA:130,0
DA:131,0
DA:133,0
DA:137,0
DA:139,0
DA:140,0
DA:141,0
DA:143,0
DA:144,0
DA:147,0
DA:149,0
DA:150,0
DA:151,0
DA:152,0
DA:153,0
DA:154,0
DA:155,0
DA:156,0
DA:157,0
DA:159,0
DA:160,0
DA:161,0
DA:162,0
DA:163,0
DA:164,0
DA:165,0
DA:168,0
DA:169,0
DA:176,0
DA:177,0
DA:178,0
DA:179,0
DA:180,0
DA:181,0
DA:182,0
DA:183,0
DA:184,0
DA:185,0
DA:188,0
DA:190,0
DA:191,0
DA:192,0
DA:193,0
DA:194,0
DA:197,0
DA:198,0
DA:201,0
DA:204,0
DA:205,0
DA:209,0
DA:210,0
DA:211,0
DA:212,0
DA:213,0
DA:215,0
DA:217,0
DA:223,0
DA:226,0
DA:227,0
DA:228,0
DA:231,0
DA:235,0
DA:237,0
DA:238,0
DA:239,0
DA:240,0
DA:241,0
DA:242,0
DA:243,0
DA:245,0
DA:246,0
DA:247,0
DA:250,0
DA:251,0
DA:253,0
DA:257,0
DA:259,0
DA:260,0
DA:261,0
DA:264,0
LF:106
LH:0
end_of_record
SF:lib/src/components/indexes/t_indexes_anchor.dart
DA:12,0
DA:19,0
DA:37,0
DA:39,0
DA:40,0
DA:41,0
DA:42,0
DA:43,0
DA:45,0
DA:46,0
DA:47,0
DA:48,0
DA:49,0
DA:50,0
DA:52,0
DA:54,0
DA:55,0
DA:56,0
DA:57,0
DA:60,0
DA:61,0
DA:62,0
DA:63,0
DA:64,0
DA:68,0
DA:69,0
DA:71,0
DA:72,0
DA:74,0
DA:75,0
LF:30
LH:0
end_of_record
SF:lib/src/components/indexes/t_indexes_list.dart
DA:19,0
DA:26,0
DA:44,0
DA:45,0
DA:54,0
DA:56,0
DA:57,0
DA:60,0
DA:61,0
DA:62,0
DA:65,0
DA:67,0
DA:68,0
DA:69,0
DA:73,0
DA:75,0
DA:76,0
DA:79,0
DA:81,0
DA:82,0
DA:85,0
DA:86,0
DA:87,0
DA:88,0
DA:89,0
DA:91,0
DA:92,0
DA:94,0
DA:95,0
DA:96,0
DA:98,0
DA:99,0
DA:101,0
DA:102,0
DA:103,0
DA:104,0
DA:106,0
DA:107,0
DA:108,0
DA:109,0
DA:110,0
DA:111,0
DA:112,0
DA:113,0
DA:114,0
DA:115,0
DA:119,0
DA:121,0
DA:122,0
DA:123,0
DA:124,0
DA:125,0
DA:126,0
DA:127,0
DA:128,0
DA:129,0
DA:130,0
DA:131,0
DA:132,0
DA:133,0
DA:135,0
DA:136,0
DA:138,0
DA:140,0
DA:145,0
DA:146,0
DA:147,0
DA:148,0
DA:150,0
DA:151,0
DA:152,0
DA:153,0
DA:155,0
DA:156,0
DA:157,0
DA:159,0
DA:162,0
DA:163,0
DA:166,0
DA:167,0
DA:169,0
DA:170,0
DA:179,0
DA:190,0
DA:191,0
DA:192,0
DA:193,0
DA:194,0
DA:195,0
DA:196,0
DA:200,0
DA:201,0
DA:203,0
DA:205,0
DA:207,0
DA:209,0
DA:216,0
DA:217,0
DA:218,0
DA:220,0
DA:221,0
DA:224,0
DA:225,0
LF:103
LH:0
end_of_record
SF:lib/src/components/indexes/t_indexes_theme_data.dart
DA:23,2
DA:31,0
DA:39,0
DA:40,0
DA:41,0
DA:42,0
DA:43,0
DA:44,0
DA:48,0
DA:50,0
DA:53,0
DA:54,0
DA:56,0
DA:57,0
DA:58,0
DA:60,0
LF:16
LH:1
end_of_record
SF:lib/src/components/input/t_input.dart
DA:15,0
DA:84,0
DA:85,0
DA:88,0
DA:155,0
DA:225,0
DA:226,0
DA:234,0
DA:235,0
DA:237,0
DA:239,0
DA:240,0
DA:241,0
DA:242,0
DA:243,0
DA:246,0
DA:248,0
DA:249,0
DA:250,0
DA:253,0
DA:254,0
DA:255,0
DA:256,0
DA:259,0
DA:261,0
DA:262,0
DA:263,0
DA:266,0
DA:268,0
DA:269,0
DA:270,0
DA:271,0
DA:273,0
DA:274,0
DA:278,0
DA:279,0
DA:280,0
DA:281,0
DA:282,0
DA:283,0
DA:285,0
DA:286,0
DA:288,0
DA:289,0
DA:290,0
DA:291,0
DA:294,0
DA:295,0
DA:296,0
DA:297,0
DA:298,0
DA:299,0
DA:300,0
DA:301,0
DA:302,0
DA:303,0
DA:304,0
DA:305,0
DA:306,0
DA:307,0
DA:308,0
DA:309,0
DA:310,0
DA:311,0
DA:316,0
DA:317,0
DA:320,0
DA:321,0
DA:324,0
DA:327,0
DA:328,0
DA:329,0
LF:72
LH:0
end_of_record
SF:lib/src/components/input/t_input_resolve.dart
DA:5,0
DA:13,0
DA:14,0
DA:15,0
DA:16,0
DA:17,0
DA:18,0
DA:19,0
DA:20,0
DA:21,0
DA:22,0
LF:11
LH:0
end_of_record
SF:lib/src/components/input/t_input_theme_data.dart
DA:11,1
DA:31,0
DA:37,0
DA:38,0
DA:39,0
DA:40,0
DA:44,0
DA:49,0
DA:52,0
DA:53,0
DA:54,0
DA:55,0
LF:12
LH:1
end_of_record
SF:lib/src/components/link/t_link_resolve.dart
DA:18,0
DA:30,0
DA:35,0
DA:39,0
DA:41,0
DA:47,0
DA:55,0
DA:56,0
DA:58,0
DA:64,0
DA:72,0
DA:76,0
DA:83,0
DA:90,0
DA:91,0
DA:98,0
DA:100,0
DA:101,0
DA:103,0
DA:105,0
DA:107,0
DA:113,0
DA:115,0
DA:116,0
DA:117,0
DA:119,0
DA:121,0
DA:128,0
DA:130,0
DA:131,0
DA:132,0
DA:136,0
DA:138,0
DA:139,0
DA:144,0
DA:146,0
DA:147,0
DA:152,0
DA:154,0
DA:155,0
LF:40
LH:0
end_of_record
SF:lib/src/components/link/t_link_theme_data.dart
DA:36,1
DA:47,0
DA:58,0
DA:59,0
DA:60,0
DA:61,0
DA:62,0
DA:63,0
DA:64,0
DA:65,0
DA:66,0
DA:70,0
DA:72,0
DA:75,0
DA:76,0
DA:77,0
DA:79,0
DA:80,0
DA:81,0
DA:82,0
DA:83,0
DA:84,0
LF:22
LH:1
end_of_record
SF:lib/src/components/loading/t_activity_indicator.dart
DA:22,0
DA:28,0
DA:30,0
DA:54,0
DA:56,0
DA:64,0
DA:66,0
DA:67,0
DA:68,0
DA:72,0
DA:73,0
DA:77,0
DA:79,0
DA:80,0
DA:81,0
DA:82,0
DA:84,0
DA:85,0
DA:90,0
DA:92,0
DA:93,0
DA:96,0
DA:98,0
DA:99,0
DA:100,0
DA:101,0
DA:102,0
DA:103,0
DA:104,0
DA:105,0
DA:106,0
DA:136,0
DA:141,0
DA:142,0
DA:143,0
DA:144,0
DA:145,0
DA:146,0
DA:147,0
DA:149,0
DA:158,0
DA:160,0
DA:161,0
DA:163,0
DA:164,0
DA:166,0
DA:168,0
DA:169,0
DA:170,0
DA:171,0
DA:172,0
DA:173,0
DA:176,0
DA:179,0
DA:181,0
DA:182,0
DA:183,0
LF:57
LH:0
end_of_record
SF:lib/src/components/loading/t_circle_indicator.dart
DA:16,0
DA:22,0
DA:29,0
DA:30,0
DA:38,0
DA:40,0
DA:42,0
DA:43,0
DA:44,0
DA:45,0
DA:46,0
DA:47,0
DA:51,0
DA:53,0
DA:54,0
DA:55,0
DA:56,0
DA:60,0
DA:62,0
DA:63,0
DA:66,0
DA:68,0
DA:69,0
DA:70,0
DA:71,0
DA:73,0
DA:74,0
DA:75,0
DA:76,0
DA:87,0
DA:91,0
DA:93,0
DA:94,0
DA:95,0
DA:96,0
DA:97,0
DA:99,0
DA:100,0
DA:101,0
DA:103,0
DA:105,0
DA:107,0
DA:108,0
DA:109,0
DA:111,0
DA:113,0
DA:117,0
LF:47
LH:0
end_of_record
SF:lib/src/components/loading/t_loading.dart
DA:45,1
DA:52,0
DA:73,0
DA:74,0
DA:78,0
DA:80,0
DA:81,0
DA:85,0
DA:86,0
DA:87,0
DA:88,0
DA:89,0
DA:90,0
DA:91,0
DA:92,0
DA:94,0
DA:95,0
DA:101,0
DA:102,0
DA:103,0
DA:105,0
DA:107,0
DA:111,0
DA:112,0
DA:114,0
DA:115,0
DA:117,0
DA:119,0
DA:126,0
DA:130,0
DA:133,0
DA:135,0
DA:136,0
DA:137,0
DA:138,0
DA:144,0
DA:145,0
DA:146,0
DA:147,0
DA:150,0
DA:153,0
DA:154,0
DA:157,0
DA:160,0
DA:161,0
DA:170,0
DA:171,0
DA:172,0
DA:174,0
DA:176,0
DA:181,0
DA:183,0
DA:184,0
DA:185,0
DA:186,0
DA:187,0
DA:188,0
DA:189,0
DA:192,0
DA:193,0
DA:194,0
DA:200,0
DA:202,0
LF:63
LH:1
end_of_record
SF:lib/src/components/loading/t_loading_theme_data.dart
DA:19,2
DA:27,0
DA:31,0
DA:32,0
DA:33,0
DA:34,0
DA:35,0
DA:39,0
DA:46,0
DA:47,0
DA:48,0
DA:49,0
DA:50,0
DA:54,0
DA:56,0
DA:59,0
DA:60,0
DA:61,0
DA:62,0
DA:63,0
LF:20
LH:1
end_of_record
SF:lib/src/components/loading/t_point_indicator.dart
DA:11,0
DA:17,0
DA:24,0
DA:25,0
DA:32,0
DA:34,0
DA:36,0
DA:37,0
DA:38,0
DA:39,0
DA:42,0
DA:44,0
DA:45,0
DA:46,0
DA:47,0
DA:51,0
DA:53,0
DA:54,0
DA:56,0
DA:59,0
DA:61,0
DA:62,0
DA:63,0
DA:64,0
DA:66,0
DA:67,0
DA:68,0
DA:69,0
DA:70,0
DA:71,0
DA:79,0
DA:80,0
DA:81,0
DA:86,0
DA:87,0
DA:91,0
DA:93,0
DA:95,0
DA:96,0
LF:39
LH:0
end_of_record
SF:lib/src/components/loading/t_loading_controller.dart
DA:13,0
DA:20,0
DA:24,0
DA:26,0
DA:29,0
DA:32,0
DA:34,0
DA:35,0
DA:36,0
DA:43,0
DA:47,0
DA:50,0
LF:12
LH:0
end_of_record
SF:lib/src/components/message/t_message.dart
DA:17,0
DA:36,0
DA:54,0
DA:59,0
DA:62,0
DA:63,0
DA:67,0
DA:68,0
DA:75,0
DA:140,0
DA:158,0
DA:161,0
DA:162,0
DA:165,0
DA:166,0
DA:169,0
DA:170,0
DA:187,0
DA:188,0
DA:192,0
DA:193,0
DA:211,0
DA:212,0
DA:215,0
DA:216,0
DA:217,0
DA:220,0
DA:221,0
DA:223,0
DA:227,0
DA:229,0
DA:230,0
DA:232,0
DA:234,0
DA:235,0
DA:236,0
DA:239,0
DA:240,0
DA:243,0
DA:245,0
DA:246,0
DA:247,0
DA:248,0
DA:250,0
DA:251,0
DA:253,0
DA:254,0
DA:255,0
DA:256,0
DA:258,0
DA:259,0
DA:260,0
DA:261,0
DA:265,0
DA:267,0
DA:268,0
DA:269,0
DA:270,0
DA:271,0
DA:274,0
DA:275,0
DA:276,0
DA:277,0
DA:278,0
DA:282,0
DA:283,0
DA:284,0
DA:288,0
DA:289,0
DA:291,0
DA:295,0
DA:296,0
DA:297,0
DA:300,0
DA:301,0
DA:302,0
DA:304,0
DA:308,0
DA:309,0
DA:312,0
DA:313,0
DA:314,0
DA:315,0
DA:316,0
DA:317,0
DA:318,0
DA:320,0
DA:321,0
DA:324,0
DA:326,0
DA:328,0
DA:332,0
DA:333,0
DA:334,0
DA:335,0
DA:337,0
DA:338,0
DA:346,0
DA:347,0
DA:350,0
DA:351,0
DA:353,0
DA:355,0
DA:356,0
DA:357,0
DA:358,0
DA:359,0
DA:360,0
DA:361,0
DA:362,0
DA:369,0
DA:375,0
DA:376,0
DA:377,0
DA:379,0
DA:380,0
DA:382,0
DA:384,0
DA:386,0
DA:388,0
DA:390,0
DA:392,0
DA:394,0
DA:397,0
DA:400,0
DA:401,0
DA:402,0
DA:403,0
DA:404,0
DA:411,0
DA:413,0
DA:416,0
DA:417,0
DA:418,0
DA:424,0
DA:425,0
DA:426,0
DA:427,0
DA:428,0
DA:430,0
DA:431,0
DA:433,0
DA:438,0
DA:440,0
DA:443,0
DA:444,0
DA:445,0
DA:448,0
DA:449,0
DA:450,0
DA:451,0
DA:452,0
DA:453,0
DA:454,0
DA:456,0
DA:458,0
DA:459,0
DA:460,0
DA:462,0
DA:464,0
DA:465,0
DA:466,0
DA:467,0
DA:468,0
DA:471,0
DA:472,0
DA:474,0
DA:476,0
DA:479,0
DA:480,0
DA:482,0
DA:485,0
DA:497,0
DA:498,0
DA:499,0
DA:500,0
DA:502,0
DA:503,0
DA:505,0
DA:506,0
LF:180
LH:0
end_of_record
SF:lib/src/components/message/t_message_theme_data.dart
DA:32,2
DA:39,0
DA:43,0
DA:44,0
DA:45,0
DA:46,0
DA:47,0
DA:51,0
DA:58,0
DA:59,0
DA:60,0
DA:61,0
DA:62,0
DA:66,0
DA:68,0
DA:71,0
DA:72,0
DA:73,0
DA:74,0
DA:75,0
DA:79,0
DA:83,0
LF:22
LH:1
end_of_record
SF:lib/src/components/navbar/t_nav_bar.dart
DA:20,0
DA:45,0
DA:115,0
DA:116,0
DA:118,0
DA:119,0
DA:123,0
DA:124,0
DA:129,0
DA:130,0
DA:131,0
DA:132,0
DA:134,0
DA:135,0
DA:136,0
DA:137,0
DA:139,0
DA:141,0
DA:142,0
DA:144,0
DA:145,0
DA:147,0
DA:148,0
DA:149,0
DA:150,0
DA:152,0
DA:154,0
DA:155,0
DA:156,0
DA:157,0
DA:158,0
DA:159,0
DA:162,0
DA:163,0
DA:165,0
DA:167,0
DA:168,0
DA:170,0
DA:171,0
DA:173,0
DA:174,0
DA:176,0
DA:177,0
DA:178,0
DA:179,0
DA:180,0
DA:181,0
DA:182,0
DA:183,0
DA:184,0
DA:185,0
DA:192,0
DA:196,0
DA:197,0
DA:198,0
DA:199,0
DA:201,0
DA:204,0
DA:205,0
DA:210,0
DA:211,0
DA:212,0
DA:216,0
DA:217,0
DA:218,0
DA:220,0
DA:223,0
DA:224,0
DA:226,0
DA:227,0
DA:229,0
DA:231,0
DA:232,0
DA:233,0
DA:234,0
DA:235,0
DA:236,0
DA:237,0
DA:246,0
DA:247,0
DA:249,0
DA:251,0
DA:252,0
DA:253,0
DA:255,0
DA:258,0
DA:259,0
DA:261,0
DA:263,0
DA:268,0
DA:269,0
DA:270,0
DA:271,0
DA:274,0
DA:278,0
DA:279,0
DA:280,0
DA:281,0
DA:282,0
DA:283,0
DA:284,0
DA:286,0
DA:289,0
DA:290,0
DA:291,0
DA:297,0
DA:299,0
DA:300,0
DA:301,0
DA:306,0
DA:307,0
DA:308,0
DA:309,0
DA:310,0
DA:312,0
DA:314,0
DA:316,0
DA:317,0
DA:319,0
DA:320,0
DA:350,0
DA:359,0
DA:360,0
DA:361,0
DA:363,0
DA:364,0
DA:365,0
DA:367,0
DA:368,0
DA:369,0
DA:370,0
DA:371,0
DA:372,0
DA:373,0
DA:377,0
DA:379,0
DA:380,0
LF:137
LH:0
end_of_record
SF:lib/src/components/navbar/t_nav_bar_theme_data.dart
DA:21,1
DA:70,2
DA:85,0
DA:100,0
DA:101,0
DA:102,0
DA:103,0
DA:104,0
DA:105,0
DA:106,0
DA:107,0
DA:108,0
DA:109,0
DA:110,0
DA:111,0
DA:112,0
DA:116,0
DA:118,0
DA:121,0
DA:122,0
DA:123,0
DA:124,0
DA:125,0
DA:126,0
DA:127,0
DA:128,0
DA:129,0
DA:130,0
DA:131,0
DA:132,0
DA:133,0
LF:31
LH:2
end_of_record
SF:lib/src/components/notice_bar/t_notice_bar.dart
DA:25,0
DA:37,0
DA:38,0
DA:70,0
DA:71,0
DA:84,0
DA:85,0
DA:87,0
DA:89,0
DA:90,0
DA:91,0
DA:94,0
DA:95,0
DA:96,0
DA:99,0
DA:101,0
DA:103,0
DA:105,0
DA:107,0
DA:108,0
DA:110,0
DA:111,0
DA:114,0
DA:116,0
DA:117,0
DA:118,0
DA:121,0
DA:123,0
DA:124,0
DA:125,0
DA:126,0
DA:127,0
DA:128,0
DA:129,0
DA:130,0
DA:131,0
DA:135,0
DA:136,0
DA:137,0
DA:138,0
DA:143,0
DA:144,0
DA:145,0
DA:146,0
DA:149,0
DA:152,0
DA:153,0
DA:154,0
DA:155,0
DA:156,0
DA:160,0
DA:161,0
DA:162,0
DA:166,0
DA:167,0
DA:168,0
DA:169,0
DA:170,0
DA:172,0
DA:173,0
DA:174,0
DA:175,0
DA:176,0
DA:179,0
DA:180,0
DA:181,0
DA:183,0
DA:184,0
DA:188,0
DA:190,0
DA:192,0
DA:194,0
DA:195,0
DA:206,0
DA:207,0
DA:214,0
DA:217,0
DA:218,0
DA:221,0
DA:222,0
DA:223,0
DA:226,0
DA:227,0
DA:230,0
DA:232,0
DA:233,0
DA:234,0
DA:235,0
DA:240,0
DA:241,0
DA:242,0
DA:243,0
DA:245,0
DA:247,0
DA:249,0
DA:250,0
DA:251,0
DA:255,0
DA:257,0
DA:258,0
DA:259,0
DA:265,0
DA:266,0
DA:271,0
DA:275,0
DA:276,0
DA:280,0
DA:283,0
DA:286,0
DA:287,0
DA:288,0
DA:290,0
DA:292,0
DA:293,0
DA:301,0
DA:306,0
DA:307,0
DA:308,0
DA:309,0
DA:310,0
DA:312,0
DA:313,0
DA:316,0
DA:317,0
DA:318,0
DA:319,0
DA:323,0
DA:324,0
DA:325,0
DA:333,0
DA:334,0
DA:335,0
DA:339,0
DA:340,0
DA:341,0
DA:342,0
DA:344,0
DA:347,0
DA:348,0
DA:349,0
DA:350,0
DA:351,0
DA:353,0
DA:354,0
DA:355,0
DA:361,0
DA:362,0
DA:363,0
DA:364,0
DA:366,0
DA:367,0
DA:368,0
DA:382,0
DA:384,0
DA:386,0
DA:387,0
DA:388,0
DA:389,0
DA:390,0
DA:391,0
DA:392,0
DA:393,0
DA:396,0
DA:398,0
DA:399,0
DA:401,0
DA:402,0
DA:403,0
DA:405,0
DA:407,0
DA:408,0
DA:414,0
DA:415,0
DA:416,0
DA:417,0
DA:418,0
DA:423,0
DA:424,0
DA:426,0
DA:427,0
DA:428,0
DA:430,0
DA:432,0
DA:433,0
LF:184
LH:0
end_of_record
SF:lib/src/components/notice_bar/t_notice_bar_theme_data.dart
DA:53,2
DA:70,0
DA:74,0
DA:75,0
DA:76,0
DA:77,0
DA:78,0
DA:79,0
DA:80,0
DA:81,0
DA:82,0
DA:83,0
DA:88,0
DA:89,0
DA:90,0
DA:92,0
DA:93,0
DA:97,0
DA:98,0
DA:99,0
DA:101,0
DA:102,0
DA:103,0
DA:105,0
DA:106,0
DA:107,0
DA:109,0
DA:110,0
DA:111,0
DA:115,0
DA:118,0
DA:119,0
DA:120,0
[...]
DA:344,0
DA:347,0
DA:355,0
DA:356,0
DA:357,0
DA:358,0
DA:359,0
DA:366,0
DA:367,0
DA:372,0
DA:376,0
DA:377,0
DA:379,0
DA:381,0
DA:382,0
DA:386,0
DA:388,0
DA:389,0
DA:393,0
DA:394,0
DA:398,0
DA:405,0
DA:407,0
DA:427,0
DA:428,0
DA:431,0
DA:432,0
DA:435,0
DA:436,0
DA:437,0
DA:442,0
DA:444,0
DA:445,0
DA:446,0
DA:447,0
DA:448,0
DA:449,0
DA:453,0
DA:454,0
DA:455,0
DA:456,0
DA:457,0
DA:458,0
DA:460,0
DA:461,0
DA:462,0
DA:463,0
DA:465,0
DA:466,0
DA:467,0
DA:471,0
DA:472,0
DA:473,0
DA:474,0
DA:475,0
DA:478,0
DA:480,0
DA:482,0
DA:483,0
DA:485,0
DA:488,0
DA:491,0
DA:493,0
DA:494,0
DA:496,0
DA:497,0
DA:498,0
DA:499,0
DA:500,0
DA:501,0
DA:502,0
DA:503,0
DA:504,0
DA:506,0
DA:507,0
DA:508,0
DA:510,0
DA:513,0
DA:515,0
DA:516,0
DA:517,0
DA:518,0
DA:519,0
DA:520,0
DA:524,0
DA:525,0
DA:526,0
DA:527,0
DA:531,0
DA:532,0
DA:536,0
DA:537,0
DA:548,0
DA:550,0
DA:553,0
DA:556,0
DA:557,0
DA:558,0
DA:560,0
DA:561,0
DA:562,0
DA:565,0
DA:566,0
DA:567,0
DA:582,0
DA:583,0
DA:587,0
DA:588,0
DA:589,0
DA:598,0
DA:600,0
DA:601,0
DA:602,0
DA:604,0
DA:606,0
DA:610,0
DA:611,0
DA:612,0
DA:614,0
DA:615,0
DA:616,0
DA:617,0
DA:618,0
DA:622,0
DA:623,0
DA:625,0
DA:626,0
DA:627,0
DA:629,0
DA:630,0
DA:631,0
DA:632,0
DA:636,0
DA:638,0
DA:639,0
DA:640,0
DA:641,0
DA:644,0
DA:646,0
DA:647,0
DA:648,0
DA:649,0
DA:650,0
DA:651,0
DA:652,0
DA:653,0
DA:654,0
DA:657,0
DA:658,0
DA:659,0
DA:660,0
DA:661,0
DA:665,0
DA:667,0
DA:668,0
DA:669,0
DA:670,0
DA:672,0
DA:674,0
DA:677,0
DA:679,0
DA:681,0
DA:684,0
DA:685,0
DA:686,0
DA:687,0
DA:689,0
DA:692,0
DA:695,0
DA:696,0
DA:697,0
DA:698,0
DA:701,0
DA:703,0
DA:704,0
DA:707,0
DA:708,0
DA:709,0
DA:710,0
DA:713,0
DA:714,0
DA:715,0
DA:717,0
DA:718,0
DA:719,0
DA:722,0
DA:723,0
DA:725,0
DA:727,0
DA:729,0
DA:731,0
DA:734,0
DA:738,0
DA:741,0
DA:744,0
DA:745,0
DA:746,0
DA:748,0
DA:749,0
DA:753,0
DA:754,0
DA:755,0
DA:756,0
DA:757,0
DA:760,0
DA:767,0
DA:769,0
DA:770,0
DA:773,0
DA:774,0
DA:775,0
DA:776,0
DA:779,0
DA:781,0
DA:784,0
DA:785,0
DA:786,0
DA:787,0
DA:792,0
DA:793,0
DA:794,0
DA:795,0
DA:796,0
DA:797,0
DA:798,0
DA:803,0
DA:804,0
DA:805,0
DA:806,0
DA:808,0
DA:809,0
DA:810,0
DA:811,0
DA:812,0
DA:813,0
DA:814,0
DA:816,0
DA:817,0
DA:819,0
DA:820,0
DA:821,0
DA:822,0
DA:823,0
DA:824,0
DA:825,0
DA:833,0
DA:834,0
DA:835,0
DA:836,0
DA:842,0
DA:843,0
DA:846,0
DA:847,0
DA:848,0
DA:849,0
DA:850,0
DA:853,0
DA:854,0
DA:855,0
DA:856,0
DA:857,0
DA:861,0
DA:865,0
DA:867,0
DA:869,0
DA:870,0
DA:871,0
DA:872,0
DA:873,0
DA:874,0
DA:875,0
DA:876,0
DA:880,0
DA:881,0
DA:882,0
DA:883,0
DA:884,0
DA:888,0
DA:891,0
DA:894,0
DA:895,0
DA:896,0
DA:897,0
DA:898,0
DA:900,0
DA:901,0
DA:903,0
DA:905,0
DA:906,0
DA:907,0
DA:908,0
DA:909,0
DA:921,0
DA:922,0
DA:924,0
DA:926,0
DA:927,0
DA:928,0
DA:929,0
DA:930,0
DA:931,0
DA:934,0
DA:936,0
DA:937,0
DA:938,0
DA:939,0
DA:940,0
DA:942,0
DA:943,0
DA:944,0
DA:946,0
DA:947,0
DA:949,0
DA:950,0
DA:951,0
DA:959,0
DA:960,0
DA:961,0
DA:962,0
DA:963,0
DA:964,0
DA:965,0
DA:966,0
DA:967,0
DA:968,0
DA:970,0
DA:971,0
DA:972,0
DA:973,0
DA:974,0
DA:976,0
DA:977,0
DA:978,0
DA:979,0
DA:980,0
DA:981,0
DA:982,0
DA:990,0
DA:991,0
DA:995,0
DA:996,0
DA:997,0
DA:1000,0
DA:1001,0
DA:1002,0
DA:1003,0
DA:1004,0
DA:1005,0
DA:1006,0
DA:1014,0
DA:1015,0
DA:1017,0
DA:1018,0
DA:1019,0
DA:1020,0
DA:1021,0
DA:1023,0
DA:1025,0
DA:1028,0
DA:1029,0
DA:1030,0
DA:1045,0
DA:1049,0
DA:1052,0
DA:1056,0
DA:1066,0
DA:1071,0
DA:1082,0
DA:1085,0
DA:1093,0
DA:1094,0
DA:1095,0
DA:1098,0
DA:1104,0
DA:1113,0
DA:1125,0
DA:1127,0
DA:1132,0
DA:1133,0
DA:1135,0
DA:1136,0
DA:1137,0
DA:1138,0
DA:1140,0
DA:1141,0
DA:1142,0
DA:1143,0
DA:1145,0
DA:1146,0
DA:1149,0
DA:1157,0
DA:1162,0
DA:1173,0
DA:1175,0
DA:1176,0
DA:1177,0
DA:1178,0
DA:1179,0
DA:1180,0
DA:1181,0
DA:1182,0
DA:1186,0
DA:1189,0
DA:1190,0
DA:1196,0
DA:1201,0
DA:1202,0
DA:1204,0
DA:1206,0
DA:1207,0
DA:1211,0
DA:1213,0
DA:1214,0
DA:1218,0
DA:1220,0
DA:1221,0
DA:1223,0
DA:1224,0
DA:1246,0
DA:1252,0
DA:1280,0
DA:1281,0
DA:1295,0
DA:1297,0
DA:1298,0
DA:1299,0
DA:1301,0
DA:1303,0
DA:1307,0
DA:1308,0
DA:1310,0
DA:1311,0
DA:1312,0
DA:1316,0
DA:1318,0
DA:1319,0
DA:1322,0
DA:1324,0
DA:1325,0
DA:1326,0
DA:1327,0
DA:1328,0
DA:1331,0
DA:1333,0
DA:1334,0
DA:1335,0
DA:1336,0
DA:1337,0
DA:1339,0
DA:1340,0
DA:1344,0
DA:1346,0
DA:1347,0
DA:1349,0
DA:1350,0
DA:1351,0
DA:1353,0
DA:1356,0
DA:1357,0
DA:1358,0
DA:1361,0
DA:1362,0
DA:1366,0
DA:1367,0
DA:1368,0
DA:1372,0
DA:1373,0
DA:1374,0
DA:1377,0
DA:1378,0
DA:1381,0
DA:1383,0
DA:1384,0
DA:1385,0
DA:1388,0
DA:1390,0
DA:1391,0
DA:1392,0
DA:1394,0
DA:1395,0
DA:1398,0
DA:1399,0
DA:1400,0
DA:1401,0
DA:1402,0
DA:1403,0
DA:1404,0
DA:1406,0
DA:1407,0
DA:1408,0
DA:1409,0
DA:1411,0
DA:1413,0
DA:1414,0
DA:1415,0
DA:1416,0
DA:1418,0
DA:1419,0
DA:1420,0
DA:1421,0
DA:1423,0
DA:1429,0
DA:1430,0
DA:1434,0
DA:1438,0
DA:1439,0
DA:1440,0
DA:1441,0
DA:1442,0
DA:1443,0
DA:1445,0
DA:1446,0
DA:1447,0
DA:1448,0
DA:1449,0
DA:1450,0
DA:1451,0
DA:1452,0
DA:1455,0
DA:1460,0
DA:1462,0
DA:1463,0
DA:1464,0
DA:1465,0
DA:1466,0
DA:1470,0
DA:1471,0
DA:1472,0
DA:1473,0
DA:1474,0
DA:1475,0
DA:1476,0
DA:1477,0
DA:1478,0
DA:1479,0
DA:1492,0
DA:1497,0
DA:1508,0
DA:1510,0
DA:1511,0
DA:1512,0
DA:1514,0
DA:1515,0
DA:1516,0
DA:1532,0
DA:1538,0
DA:1539,0
DA:1562,0
DA:1569,0
DA:1571,0
DA:1572,0
DA:1573,0
DA:1574,0
DA:1575,0
DA:1577,0
DA:1582,0
DA:1583,0
DA:1584,0
DA:1585,0
DA:1586,0
DA:1587,0
DA:1588,0
DA:1590,0
DA:1593,0
DA:1595,0
DA:1596,0
DA:1600,0
DA:1602,0
DA:1604,0
DA:1606,0
DA:1608,0
DA:1609,0
DA:1610,0
DA:1611,0
DA:1613,0
DA:1614,0
DA:1615,0
DA:1618,0
DA:1620,0
DA:1621,0
DA:1622,0
DA:1623,0
DA:1624,0
DA:1625,0
DA:1628,0
DA:1629,0
DA:1631,0
LF:632
LH:0
end_of_record
SF:lib/src/components/tabs/t_tab.dart
DA:27,0
DA:36,0
DA:40,0
DA:43,0
DA:50,0
DA:53,0
DA:55,0
DA:56,0
DA:58,0
DA:59,0
DA:63,0
DA:66,0
DA:70,0
DA:71,0
DA:72,0
DA:73,0
DA:74,0
DA:75,0
DA:76,0
DA:81,0
DA:82,0
DA:83,0
DA:87,0
DA:88,0
DA:89,0
DA:91,0
DA:92,0
LF:27
LH:0
end_of_record
SF:lib/src/components/tabs/t_tab_bar_theme_data.dart
DA:48,2
DA:60,0
DA:72,0
DA:73,0
DA:74,0
DA:75,0
DA:76,0
DA:77,0
DA:78,0
DA:79,0
DA:80,0
DA:81,0
DA:85,0
DA:87,0
DA:90,0
DA:91,0
DA:92,0
DA:94,0
DA:95,0
DA:96,0
DA:97,0
DA:98,0
DA:99,0
DA:101,0
LF:24
LH:1
end_of_record
SF:lib/src/components/tabs/t_tab_bar.dart
DA:15,0
DA:24,0
DA:46,0
DA:47,0
DA:50,0
DA:52,0
DA:53,0
DA:55,0
DA:56,0
DA:58,0
DA:59,0
DA:60,0
DA:61,0
DA:63,0
DA:65,0
DA:66,0
DA:67,0
DA:68,0
DA:70,0
DA:71,0
DA:72,0
DA:73,0
DA:74,0
DA:76,0
DA:77,0
DA:78,0
DA:79,0
DA:80,0
DA:81,0
DA:82,0
DA:83,0
DA:84,0
DA:85,0
DA:86,0
DA:92,0
DA:93,0
DA:94,0
DA:96,0
DA:100,0
DA:101,0
DA:102,0
DA:104,0
DA:120,0
DA:126,0
DA:128,0
DA:138,0
DA:139,0
DA:140,0
DA:143,0
DA:145,0
DA:146,0
DA:147,0
DA:148,0
DA:149,0
DA:150,0
DA:153,0
DA:154,0
DA:156,0
DA:157,0
DA:162,0
DA:164,0
DA:168,0
LF:62
LH:0
end_of_record
SF:lib/src/components/tabs/t_tab_bar_view.dart
DA:17,0
DA:22,0
DA:24,0
DA:25,0
DA:29,0
DA:31,0
DA:32,0
DA:33,0
DA:34,0
LF:9
LH:0
end_of_record
SF:lib/src/components/tag/t_select_tag.dart
DA:9,0
DA:37,0
DA:39,0
DA:40,0
DA:41,0
DA:44,0
DA:45,0
DA:46,0
DA:47,0
DA:48,0
DA:50,0
DA:51,0
DA:52,0
DA:53,0
LF:14
LH:0
end_of_record
SF:lib/src/components/tag/t_tag.dart
DA:15,0
DA:25,0
DA:55,0
DA:56,0
DA:58,0
DA:60,0
DA:62,0
DA:63,0
DA:64,0
DA:65,0
DA:66,0
DA:68,0
DA:69,0
DA:70,0
DA:71,0
DA:72,0
DA:73,0
DA:74,0
DA:77,0
DA:78,0
DA:79,0
DA:81,0
DA:83,0
DA:84,0
DA:90,0
DA:91,0
DA:92,0
DA:94,0
DA:101,0
DA:102,0
DA:103,0
DA:105,0
DA:107,0
DA:111,0
DA:113,0
DA:115,0
DA:121,0
DA:122,0
DA:124,0
DA:126,0
DA:127,0
DA:128,0
DA:129,0
DA:131,0
DA:133,0
DA:139,0
DA:142,0
DA:146,0
DA:153,0
DA:154,0
DA:157,0
DA:159,0
DA:160,0
DA:166,0
DA:174,0
DA:175,0
DA:178,0
DA:179,0
DA:188,0
DA:190,0
DA:191,0
DA:193,0
DA:196,0
DA:197,0
DA:199,0
DA:200,0
DA:204,0
DA:206,0
DA:207,0
DA:209,0
DA:212,0
DA:213,0
DA:215,0
DA:216,0
DA:220,0
DA:222,0
DA:223,0
DA:225,0
DA:228,0
DA:229,0
DA:231,0
DA:232,0
DA:236,0
DA:238,0
DA:239,0
DA:241,0
DA:244,0
DA:245,0
DA:247,0
DA:248,0
DA:252,0
DA:254,0
DA:255,0
DA:257,0
DA:260,0
DA:262,0
DA:263,0
DA:268,0
DA:276,0
DA:279,0
DA:280,0
DA:281,0
DA:282,0
DA:283,0
DA:284,0
DA:285,0
DA:286,0
DA:291,0
DA:292,0
DA:294,0
DA:295,0
DA:297,0
DA:303,0
DA:304,0
DA:305,0
DA:306,0
DA:307,0
DA:308,0
DA:309,0
DA:310,0
DA:312,0
DA:317,0
DA:318,0
DA:321,0
DA:325,0
DA:329,0
DA:332,0
DA:333,0
DA:337,0
DA:341,0
DA:345,0
DA:352,0
DA:353,0
DA:357,0
DA:358,0
DA:362,0
DA:370,0
DA:371,0
DA:372,0
DA:374,0
DA:376,0
DA:378,0
DA:393,0
LF:143
LH:0
end_of_record
SF:lib/src/components/tag/t_tag_theme_data.dart
DA:51,1
DA:66,0
DA:81,0
DA:82,0
DA:83,0
DA:84,0
DA:85,0
DA:86,0
DA:87,0
DA:88,0
DA:89,0
DA:90,0
DA:91,0
DA:92,0
DA:93,0
DA:97,0
DA:99,0
DA:102,0
DA:103,0
DA:104,0
DA:105,0
DA:106,0
DA:107,0
DA:109,0
DA:110,0
DA:111,0
DA:112,0
DA:113,0
DA:114,0
DA:115,0
LF:30
LH:1
end_of_record
SF:lib/src/components/text/t_font_loader.dart
DA:12,0
DA:18,0
DA:22,0
DA:42,0
DA:70,0
DA:72,0
DA:74,0
DA:77,0
DA:79,0
DA:81,0
DA:100,0
DA:124,0
LF:12
LH:0
end_of_record
SF:lib/src/components/text/t_text_resolve.dart
DA:31,0
DA:47,0
DA:48,0
DA:49,0
DA:50,0
DA:52,0
DA:54,0
DA:56,0
DA:60,0
DA:63,0
DA:64,0
DA:65,0
DA:66,0
DA:67,0
DA:68,0
DA:71,0
DA:72,0
DA:73,0
DA:74,0
DA:75,0
DA:76,0
DA:79,0
DA:81,0
DA:82,0
DA:83,0
DA:84,0
DA:87,0
DA:90,0
DA:96,0
DA:99,0
DA:105,0
DA:107,0
DA:108,0
DA:109,0
DA:110,0
DA:113,0
DA:114,0
DA:117,0
DA:119,0
DA:122,0
DA:123,0
DA:129,0
DA:130,0
DA:131,0
DA:132,0
DA:133,0
DA:134,0
DA:135,0
DA:136,0
DA:137,0
DA:138,0
DA:139,0
DA:140,0
DA:142,0
DA:143,0
DA:144,0
DA:146,0
DA:147,0
DA:148,0
DA:149,0
DA:150,0
DA:151,0
DA:152,0
DA:153,0
DA:154,0
DA:155,0
DA:156,0
DA:157,0
DA:158,0
DA:161,0
DA:162,0
DA:163,0
DA:165,0
DA:166,0
DA:167,0
DA:176,0
DA:200,0
DA:202,0
DA:203,0
DA:205,0
DA:206,0
DA:209,0
DA:215,0
DA:220,0
DA:222,0
DA:226,0
DA:231,0
DA:232,0
DA:234,0
DA:237,0
DA:238,0
DA:239,0
DA:240,0
DA:241,0
DA:242,0
DA:243,0
DA:244,0
DA:245,0
DA:246,0
DA:247,0
DA:250,0
DA:251,0
DA:252,0
DA:254,0
DA:262,0
DA:271,0
DA:272,0
DA:273,0
DA:274,0
DA:275,0
DA:276,0
DA:277,0
DA:280,0
DA:284,0
DA:294,0
DA:299,0
DA:302,0
DA:306,0
DA:316,0
DA:323,0
DA:325,0
DA:326,0
LF:122
LH:0
end_of_record
SF:lib/src/components/text/t_text_theme_data.dart
DA:63,1
DA:79,0
DA:95,0
DA:96,0
DA:97,0
DA:99,0
DA:100,0
DA:101,0
DA:102,0
DA:103,0
DA:104,0
DA:105,0
DA:106,0
DA:107,0
DA:108,0
DA:109,0
DA:113,0
DA:115,0
DA:118,0
DA:119,0
DA:120,0
DA:122,0
DA:123,0
DA:124,0
DA:125,0
DA:126,0
DA:127,0
DA:128,0
DA:129,0
DA:130,0
DA:132,0
DA:133,0
LF:32
LH:1
end_of_record
SF:lib/src/components/textarea/t_textarea.dart
DA:8,0
DA:73,0
DA:138,0
DA:140,0
DA:141,0
DA:142,0
DA:143,0
DA:144,0
DA:145,0
DA:146,0
DA:147,0
DA:148,0
DA:149,0
DA:150,0
DA:151,0
DA:152,0
DA:153,0
DA:154,0
DA:155,0
DA:156,0
DA:157,0
DA:158,0
DA:159,0
DA:160,0
DA:161,0
LF:25
LH:0
end_of_record
SF:lib/src/components/time_counter/t_time_counter.dart
DA:15,0
DA:20,0
DA:22,0
DA:23,0
DA:24,0
DA:27,0
DA:32,0
DA:46,0
DA:84,0
DA:85,0
DA:101,0
DA:103,0
DA:104,0
DA:105,0
DA:108,0
DA:110,0
DA:112,0
DA:114,0
DA:116,0
DA:117,0
DA:118,0
DA:119,0
DA:120,0
DA:121,0
DA:122,0
DA:125,0
DA:127,0
DA:128,0
DA:129,0
DA:130,0
DA:131,0
DA:132,0
DA:136,0
DA:138,0
DA:139,0
DA:140,0
DA:141,0
DA:143,0
DA:144,0
DA:148,0
DA:150,0
DA:151,0
DA:152,0
DA:156,0
DA:157,0
DA:160,0
DA:161,0
DA:162,0
DA:165,0
DA:166,0
DA:167,0
DA:168,0
DA:169,0
DA:170,0
DA:172,0
DA:173,0
DA:176,0
DA:177,0
DA:179,0
DA:180,0
DA:182,0
DA:184,0
DA:188,0
DA:189,0
DA:193,0
DA:194,0
DA:198,0
DA:199,0
DA:200,0
DA:201,0
DA:203,0
DA:204,0
DA:207,0
DA:208,0
DA:211,0
DA:212,0
DA:213,0
DA:216,0
DA:221,0
DA:222,0
DA:223,0
DA:224,0
DA:226,0
DA:227,0
DA:229,0
DA:230,0
DA:232,0
DA:233,0
DA:240,0
DA:242,0
DA:243,0
DA:244,0
DA:246,0
DA:249,0
DA:250,0
DA:251,0
DA:252,0
DA:253,0
DA:254,0
DA:256,0
DA:257,0
DA:258,0
DA:259,0
DA:260,0
DA:261,0
DA:262,0
DA:265,0
DA:266,0
DA:269,0
DA:273,0
DA:274,0
DA:275,0
DA:276,0
DA:277,0
DA:278,0
DA:279,0
DA:280,0
DA:281,0
DA:283,0
DA:284,0
DA:285,0
DA:286,0
DA:287,0
DA:288,0
DA:289,0
DA:295,0
DA:296,0
DA:297,0
DA:298,0
DA:300,0
DA:301,0
DA:302,0
DA:303,0
DA:304,0
DA:307,0
DA:313,0
DA:314,0
DA:315,0
DA:316,0
DA:317,0
DA:318,0
DA:319,0
DA:320,0
DA:322,0
DA:323,0
DA:324,0
DA:327,0
DA:328,0
DA:329,0
DA:330,0
DA:331,0
DA:334,0
DA:335,0
DA:336,0
DA:337,0
DA:338,0
DA:341,0
DA:342,0
DA:343,0
DA:344,0
DA:345,0
DA:348,0
DA:349,0
LF:163
LH:0
end_of_record
SF:lib/src/components/time_counter/t_time_counter_controller.dart
DA:23,0
DA:27,0
DA:30,0
DA:31,0
DA:35,0
DA:36,0
DA:40,0
DA:41,0
DA:45,0
DA:46,0
DA:47,0
DA:48,0
DA:50,0
DA:51,0
LF:14
LH:0
end_of_record
SF:lib/src/components/time_counter/t_time_counter_style.dart
DA:14,0
DA:78,0
DA:84,0
DA:87,0
DA:88,0
DA:89,0
DA:90,0
DA:91,0
DA:92,0
DA:93,0
DA:95,0
DA:96,0
DA:97,0
DA:98,0
DA:100,0
DA:102,0
DA:103,0
DA:104,0
DA:105,0
DA:106,0
DA:107,0
DA:108,0
DA:110,0
DA:111,0
DA:112,0
DA:113,0
DA:115,0
DA:117,0
DA:118,0
DA:119,0
DA:120,0
DA:121,0
DA:122,0
DA:123,0
DA:125,0
DA:126,0
DA:127,0
DA:128,0
DA:130,0
DA:134,0
DA:135,0
DA:137,0
DA:139,0
DA:140,0
DA:142,0
DA:143,0
DA:145,0
DA:146,0
DA:148,0
DA:149,0
DA:151,0
DA:152,0
DA:153,0
DA:154,0
DA:155,0
DA:159,0
LF:56
LH:0
end_of_record
SF:lib/src/components/time_counter/t_time_counter_theme_data.dart
DA:8,1
DA:27,0
DA:34,0
DA:35,0
DA:36,0
DA:37,0
DA:38,0
DA:42,0
DA:47,0
DA:50,0
DA:51,0
DA:52,0
DA:53,0
DA:54,0
LF:14
LH:1
end_of_record
SF:lib/src/theme/t_font_family.dart
DA:5,0
LF:1
LH:0
end_of_record
SF:lib/src/components/toast/t_toast.dart
DA:35,0
DA:40,0
DA:41,0
DA:42,0
DA:43,0
DA:44,0
DA:45,0
DA:47,0
DA:50,0
DA:51,0
DA:52,0
DA:53,0
DA:54,0
DA:55,0
DA:57,0
DA:66,0
DA:70,0
DA:71,0
DA:75,0
DA:105,0
DA:106,0
DA:107,0
DA:112,0
DA:126,0
DA:162,0
DA:163,0
DA:164,0
DA:169,0
DA:185,0
DA:218,0
DA:235,0
DA:268,0
DA:285,0
DA:318,0
DA:335,0
DA:366,0
DA:367,0
DA:368,0
DA:371,0
DA:387,0
DA:409,0
DA:410,0
DA:411,0
DA:412,0
DA:427,0
DA:431,0
DA:433,0
DA:434,0
DA:439,0
DA:440,0
DA:441,0
DA:443,0
DA:446,0
DA:454,0
DA:458,0
DA:459,0
DA:464,0
DA:466,0
DA:474,0
DA:475,0
DA:481,0
DA:485,0
DA:486,0
DA:487,0
DA:488,0
DA:489,0
DA:490,0
DA:491,0
DA:496,0
DA:510,0
DA:518,0
DA:519,0
DA:520,0
DA:522,0
DA:523,0
DA:524,0
DA:525,0
DA:528,0
DA:530,0
DA:531,0
DA:532,0
DA:533,0
DA:534,0
DA:537,0
DA:540,0
DA:541,0
DA:542,0
DA:543,0
DA:544,0
DA:547,0
DA:548,0
DA:549,0
DA:551,0
DA:552,0
DA:553,0
DA:555,0
DA:564,0
DA:565,0
DA:566,0
DA:568,0
DA:569,0
DA:570,0
DA:571,0
DA:573,0
DA:574,0
DA:575,0
DA:576,0
DA:577,0
DA:578,0
DA:581,0
DA:584,0
DA:585,0
DA:586,0
DA:587,0
DA:588,0
DA:591,0
DA:592,0
DA:593,0
DA:594,0
DA:595,0
DA:597,0
DA:605,0
DA:607,0
DA:608,0
DA:609,0
DA:618,0
DA:624,0
DA:626,0
DA:627,0
DA:629,0
DA:630,0
DA:633,0
DA:634,0
DA:635,0
DA:636,0
DA:637,0
DA:640,0
DA:643,0
DA:644,0
DA:645,0
DA:646,0
DA:650,0
DA:651,0
DA:652,0
DA:653,0
DA:655,0
DA:656,0
DA:659,0
DA:669,0
DA:673,0
DA:675,0
DA:676,0
DA:678,0
DA:679,0
DA:682,0
DA:683,0
DA:684,0
DA:685,0
DA:686,0
DA:689,0
DA:690,0
DA:691,0
DA:705,0
DA:713,0
DA:715,0
DA:716,0
DA:718,0
DA:719,0
DA:720,0
DA:721,0
DA:722,0
DA:724,0
DA:725,0
DA:726,0
DA:727,0
DA:728,0
DA:731,0
DA:732,0
DA:733,0
DA:734,0
DA:735,0
DA:736,0
DA:738,0
LF:183
LH:0
end_of_record
SF:lib/src/util/auto_size.dart
DA:13,0
DA:15,0
DA:16,0
DA:19,0
DA:24,0
DA:26,0
DA:27,0
DA:30,0
LF:8
LH:0
end_of_record
SF:lib/src/components/toast/t_toast_theme_data.dart
DA:26,2
DA:37,0
DA:41,0
DA:42,0
DA:43,0
DA:44,0
DA:45,0
DA:46,0
DA:47,0
DA:48,0
DA:52,0
DA:62,0
DA:63,0
DA:64,0
DA:65,0
DA:66,0
DA:67,0
DA:68,0
DA:69,0
DA:73,0
DA:75,0
DA:78,0
DA:79,0
DA:80,0
DA:81,0
DA:82,0
DA:83,0
DA:84,0
DA:85,0
DA:89,0
DA:93,0
LF:31
LH:1
end_of_record
SF:lib/src/components/tree/t_tree_select.dart
DA:21,0
DA:53,0
DA:81,0
DA:82,0
DA:88,0
DA:90,0
DA:91,0
DA:92,0
DA:93,0
DA:95,0
DA:97,0
DA:98,0
DA:101,0
DA:103,0
DA:104,0
DA:105,0
DA:106,0
DA:110,0
DA:111,0
DA:112,0
DA:114,0
DA:115,0
DA:117,0
DA:118,0
DA:119,0
DA:123,0
DA:124,0
DA:127,0
DA:128,0
DA:130,0
DA:133,0
DA:134,0
DA:135,0
DA:136,0
DA:142,0
DA:143,0
DA:144,0
DA:145,0
DA:147,0
DA:148,0
DA:149,0
DA:152,0
DA:153,0
DA:155,0
DA:158,0
DA:159,0
DA:164,0
DA:166,0
DA:167,0
DA:168,0
DA:169,0
DA:170,0
DA:171,0
DA:172,0
DA:175,0
DA:176,0
DA:177,0
DA:178,0
DA:180,0
DA:182,0
DA:183,0
DA:184,0
DA:186,0
DA:188,0
DA:197,0
DA:198,0
DA:199,0
DA:200,0
DA:202,0
DA:207,0
DA:212,0
DA:213,0
DA:214,0
DA:217,0
DA:218,0
DA:221,0
DA:223,0
DA:227,0
DA:228,0
DA:229,0
DA:230,0
DA:232,0
DA:233,0
DA:234,0
DA:236,0
DA:237,0
DA:244,0
DA:251,0
DA:252,0
DA:253,0
DA:254,0
DA:255,0
DA:258,0
DA:260,0
DA:261,0
DA:262,0
DA:263,0
DA:264,0
DA:265,0
DA:267,0
DA:269,0
DA:270,0
DA:271,0
DA:272,0
DA:273,0
DA:274,0
DA:275,0
DA:276,0
DA:277,0
DA:282,0
DA:283,0
DA:284,0
DA:285,0
DA:286,0
DA:287,0
DA:288,0
DA:293,0
DA:309,0
DA:315,0
DA:317,0
DA:318,0
DA:321,0
DA:332,0
DA:333,0
DA:335,0
DA:337,0
DA:338,0
DA:339,0
DA:340,0
DA:343,0
DA:344,0
DA:347,0
DA:348,0
DA:349,0
DA:350,0
DA:352,0
DA:353,0
DA:356,0
DA:358,0
DA:360,0
DA:361,0
DA:362,0
DA:363,0
DA:364,0
DA:365,0
DA:375,0
DA:377,0
DA:378,0
DA:379,0
DA:385,0
DA:386,0
DA:389,0
DA:390,0
DA:391,0
DA:394,0
DA:395,0
DA:396,0
DA:398,0
DA:399,0
DA:401,0
DA:402,0
DA:403,0
DA:408,0
DA:412,0
DA:415,0
DA:416,0
DA:425,0
DA:452,0
DA:454,0
DA:456,0
DA:457,0
DA:459,0
DA:460,0
DA:461,0
DA:462,0
DA:464,0
DA:465,0
DA:468,0
DA:473,0
DA:474,0
DA:479,0
DA:480,0
DA:483,0
DA:488,0
DA:489,0
DA:494,0
DA:495,0
DA:496,0
DA:497,0
DA:498,0
DA:499,0
DA:501,0
DA:502,0
DA:505,0
DA:509,0
DA:510,0
DA:512,0
DA:513,0
DA:516,0
DA:525,0
DA:535,0
DA:543,0
DA:545,0
DA:546,0
DA:547,0
DA:548,0
DA:549,0
DA:551,0
DA:552,0
DA:554,0
DA:555,0
DA:556,0
DA:557,0
DA:559,0
DA:562,0
DA:564,0
DA:566,0
DA:567,0
DA:568,0
DA:569,0
DA:570,0
DA:571,0
DA:574,0
DA:577,0
DA:580,0
DA:582,0
LF:226
LH:0
end_of_record
SF:lib/src/components/tree/t_tree_select_theme_data.dart
DA:7,1
DA:75,0
DA:89,0
DA:90,0
DA:91,0
DA:92,0
DA:93,0
DA:94,0
DA:95,0
DA:97,0
DA:98,0
DA:99,0
DA:100,0
DA:101,0
DA:105,0
DA:110,0
DA:113,0
DA:114,0
DA:115,0
DA:116,0
DA:117,0
DA:118,0
DA:120,0
DA:121,0
DA:122,0
DA:123,0
DA:126,0
DA:128,0
DA:130,0
DA:131,0
LF:30
LH:1
end_of_record
SF:lib/src/components/upload/t_upload.dart
DA:18,0
DA:50,0
DA:51,0
DA:52,0
DA:84,0
DA:86,0
DA:88,0
DA:90,0
DA:91,0
DA:92,0
DA:93,0
DA:94,0
DA:96,0
DA:97,0
DA:98,0
DA:99,0
DA:100,0
DA:101,0
DA:102,0
DA:109,0
DA:114,0
DA:115,0
DA:116,0
DA:117,0
DA:118,0
DA:119,0
DA:120,0
DA:121,0
DA:123,0
DA:125,0
DA:127,0
DA:128,0
DA:131,0
DA:133,0
DA:134,0
DA:140,0
DA:146,0
DA:148,0
DA:149,0
DA:150,0
DA:152,0
DA:153,0
DA:154,0
DA:156,0
DA:157,0
DA:159,0
DA:160,0
DA:161,0
DA:162,0
DA:163,0
DA:166,0
DA:167,0
DA:168,0
DA:169,0
DA:170,0
DA:173,0
DA:174,0
DA:175,0
DA:176,0
DA:177,0
DA:178,0
DA:181,0
DA:183,0
DA:184,0
DA:195,0
DA:200,0
DA:201,0
DA:203,0
DA:204,0
DA:205,0
DA:207,0
DA:210,0
DA:213,0
DA:214,0
DA:215,0
DA:216,0
DA:218,0
DA:223,0
DA:228,0
DA:230,0
DA:232,0
DA:233,0
DA:234,0
DA:235,0
DA:236,0
DA:237,0
DA:238,0
DA:240,0
DA:241,0
DA:242,0
DA:244,0
DA:246,0
DA:247,0
DA:248,0
DA:249,0
DA:255,0
DA:257,0
DA:260,0
DA:261,0
DA:265,0
DA:266,0
DA:268,0
DA:269,0
DA:278,0
DA:280,0
DA:281,0
DA:284,0
DA:285,0
DA:286,0
DA:289,0
DA:290,0
DA:291,0
DA:293,0
DA:296,0
DA:298,0
DA:299,0
DA:304,0
DA:305,0
DA:306,0
DA:307,0
DA:308,0
DA:310,0
DA:312,0
DA:313,0
DA:315,0
DA:318,0
DA:320,0
DA:321,0
DA:322,0
DA:323,0
DA:324,0
DA:326,0
DA:331,0
DA:336,0
DA:337,0
DA:339,0
DA:341,0
DA:345,0
DA:349,0
DA:350,0
DA:351,0
DA:352,0
LF:142
LH:0
end_of_record
SF:lib/src/components/upload/t_upload_theme_data.dart
DA:16,1
DA:120,0
DA:140,0
DA:141,0
DA:142,0
DA:143,0
DA:144,0
DA:145,0
DA:146,0
DA:147,0
DA:149,0
DA:151,0
DA:152,0
DA:153,0
DA:154,0
DA:155,0
DA:156,0
DA:157,0
DA:158,0
DA:159,0
DA:163,0
DA:165,0
DA:168,0
DA:169,0
DA:170,0
DA:171,0
DA:172,0
DA:173,0
DA:174,0
DA:175,0
DA:177,0
DA:179,0
DA:180,0
DA:182,0
DA:183,0
DA:184,0
DA:185,0
DA:186,0
DA:188,0
DA:189,0
LF:40
LH:1
end_of_record
SF:lib/src/components/upload/t_upload_types.dart
DA:41,0
DA:68,0
DA:98,0
DA:109,0
DA:110,0
DA:111,0
DA:112,0
DA:113,0
DA:114,0
DA:115,0
DA:116,0
DA:117,0
DA:118,0
LF:13
LH:0
end_of_record
SF:lib/src/util/log.dart
DA:6,0
DA:16,0
DA:18,0
DA:20,0
DA:22,0
DA:24,0
DA:26,0
DA:27,0
LF:8
LH:0
end_of_record
SF:lib/src/util/string_util.dart
DA:5,1
DA:7,2
DA:9,2
DA:14,0
DA:17,2
DA:18,1
DA:20,1
DA:23,2
DA:24,1
DA:27,1
DA:30,2
LF:11
LH:10
end_of_record
